This file contains any messages produced by compilers while
running configure, to aid debugging if configure makes a mistake.

It was created by libffi configure 3.3, which was
generated by GNU Autoconf 2.69.  Invocation command line was

  $ /Users/mth/repos/hallettmiket.github.io/vendor/bundle/ruby/4.0.0/gems/ffi-1.15.4/ext/ffi_c/libffi/configure --disable-static --with-pic=yes --disable-dependency-tracking --disable-docs --host=aarch64-apple-darwin25

## --------- ##
## Platform. ##
## --------- ##

hostname = Michaels-MacBook-Pro.local
uname -m = arm64
uname -r = 25.2.0
uname -s = Darwin
uname -v = Darwin Kernel Version 25.2.0: Tue Nov 18 21:09:45 PST 2025; root:xnu-12377.61.12~1/RELEASE_ARM64_T6030

/usr/bin/uname -p = arm
/bin/uname -X     = unknown

/bin/arch              = unknown
/usr/bin/arch -k       = unknown
/usr/convex/getsysinfo = unknown
/usr/bin/hostinfo      = Mach kernel version:
	 Darwin Kernel Version 25.2.0: Tue Nov 18 21:09:45 PST 2025; root:xnu-12377.61.12~1/RELEASE_ARM64_T6030
Kernel configured for up to 12 processors.
12 processors are physically available.
12 processors are logically available.
Processor type: arm64e (ARM64E)
Processors active: 0 1 2 3 4 5 6 7 8 9 10 11
Primary memory available: 36.00 gigabytes
Default processor set: 944 tasks, 4314 threads, 12 processors
Load average: 22.30, Mach factor: 2.35
/bin/machine           = unknown
/usr/bin/oslevel       = unknown
/bin/universe          = unknown

PATH: /opt/homebrew/opt/binutils/bin
PATH: /opt/homebrew/opt/ruby/bin
PATH: /Users/mth/anaconda3/bin
PATH: /Users/mth/anaconda3/condabin
PATH: /opt/homebrew/bin
PATH: /opt/homebrew/sbin
PATH: /usr/local/bin
PATH: /System/Cryptexes/App/usr/bin
PATH: /usr/bin
PATH: /bin
PATH: /usr/sbin
PATH: /sbin
PATH: /var/run/com.apple.security.cryptexd/codex.system/bootstrap/usr/local/bin
PATH: /var/run/com.apple.security.cryptexd/codex.system/bootstrap/usr/bin
PATH: /var/run/com.apple.security.cryptexd/codex.system/bootstrap/usr/appleinternal/bin
PATH: /opt/pmk/env/global/bin
PATH: /opt/X11/bin
PATH: /Library/Apple/usr/bin
PATH: /Library/TeX/texbin
PATH: /Applications/iTerm.app/Contents/Resources/utilities


## ----------- ##
## Core tests. ##
## ----------- ##

configure:2704: checking build system type
configure:2718: result: aarch64-apple-darwin25.2.0
configure:2738: checking host system type
configure:2751: result: aarch64-apple-darwin25
configure:2771: checking target system type
configure:2784: result: aarch64-apple-darwin25
configure:2881: checking for gsed
configure:2912: result: sed
configure:2940: checking for a BSD-compatible install
configure:3008: result: /usr/bin/install -c
configure:3019: checking whether build environment is sane
configure:3074: result: yes
configure:3125: checking for aarch64-apple-darwin25-strip
configure:3155: result: no
configure:3165: checking for strip
configure:3181: found /opt/homebrew/opt/binutils/bin/strip
configure:3192: result: strip
configure:3217: checking for a thread-safe mkdir -p
configure:3256: result: /Users/mth/repos/hallettmiket.github.io/vendor/bundle/ruby/4.0.0/gems/ffi-1.15.4/ext/ffi_c/libffi/install-sh -c -d
configure:3263: checking for gawk
configure:3293: result: no
configure:3263: checking for mawk
configure:3293: result: no
configure:3263: checking for nawk
configure:3293: result: no
configure:3263: checking for awk
configure:3279: found /usr/bin/awk
configure:3290: result: awk
configure:3301: checking whether make sets $(MAKE)
configure:3323: result: yes
configure:3352: checking whether make supports nested variables
configure:3369: result: yes
configure:3514: checking for aarch64-apple-darwin25-gcc
configure:3541: result: clang
configure:3810: checking for C compiler version
configure:3819: clang --version >&5
Apple clang version 17.0.0 (clang-1700.6.3.2)
Target: arm64-apple-darwin25.2.0
Thread model: posix
InstalledDir: /Applications/Xcode.app/Contents/Developer/Toolchains/XcodeDefault.xctoolchain/usr/bin
configure:3830: $? = 0
configure:3819: clang -v >&5
Apple clang version 17.0.0 (clang-1700.6.3.2)
Target: arm64-apple-darwin25.2.0
Thread model: posix
InstalledDir: /Applications/Xcode.app/Contents/Developer/Toolchains/XcodeDefault.xctoolchain/usr/bin
configure:3830: $? = 0
configure:3819: clang -V >&5
clang: error: argument to '-V' is missing (expected 1 value)
clang: error: no input files
configure:3830: $? = 1
configure:3819: clang -qversion >&5
clang: error: unknown argument '-qversion'; did you mean '--version'?
clang: error: no input files
configure:3830: $? = 1
configure:3850: checking whether the C compiler works
configure:3872: clang    conftest.c  >&5
configure:3876: $? = 0
configure:3924: result: yes
configure:3927: checking for C compiler default output file name
configure:3929: result: a.out
configure:3935: checking for suffix of executables
configure:3942: clang -o conftest    conftest.c  >&5
configure:3946: $? = 0
configure:3968: result: 
configure:3990: checking whether we are cross compiling
configure:3998: clang -o conftest    conftest.c  >&5
configure:4002: $? = 0
configure:4009: ./conftest
configure:4013: $? = 0
configure:4028: result: no
configure:4033: checking for suffix of object files
configure:4055: clang -c   conftest.c >&5
configure:4059: $? = 0
configure:4080: result: o
configure:4084: checking whether we are using the GNU C compiler
configure:4103: clang -c   conftest.c >&5
configure:4103: $? = 0
configure:4112: result: yes
configure:4121: checking whether clang accepts -g
configure:4141: clang -c -g  conftest.c >&5
configure:4141: $? = 0
configure:4182: result: yes
configure:4199: checking for clang option to accept ISO C89
configure:4262: clang  -c   conftest.c >&5
conftest.c:17:14: warning: a function definition without a prototype is deprecated in all versions of C and is not supported in C23 [-Wdeprecated-non-prototype]
   17 | static char *e (p, i)
      |              ^
1 warning generated.
configure:4262: $? = 0
configure:4275: result: none needed
configure:4300: checking whether clang understands -c and -o together
configure:4322: clang -c conftest.c -o conftest2.o
configure:4325: $? = 0
configure:4322: clang -c conftest.c -o conftest2.o
configure:4325: $? = 0
configure:4337: result: yes
configure:4357: checking whether make supports the include directive
configure:4372: make -f confmf.GNU && cat confinc.out
this is the am__doit target
configure:4375: $? = 0
configure:4394: result: yes (GNU style)
configure:4419: checking dependency style of clang
configure:4530: result: none
configure:4559: checking for aarch64-apple-darwin25-g++
configure:4589: result: no
configure:4559: checking for aarch64-apple-darwin25-c++
configure:4589: result: no
configure:4559: checking for aarch64-apple-darwin25-gpp
configure:4589: result: no
configure:4559: checking for aarch64-apple-darwin25-aCC
configure:4589: result: no
configure:4559: checking for aarch64-apple-darwin25-CC
configure:4589: result: no
configure:4559: checking for aarch64-apple-darwin25-cxx
configure:4589: result: no
configure:4559: checking for aarch64-apple-darwin25-cc++
configure:4589: result: no
configure:4559: checking for aarch64-apple-darwin25-cl.exe
configure:4589: result: no
configure:4559: checking for aarch64-apple-darwin25-FCC
configure:4589: result: no
configure:4559: checking for aarch64-apple-darwin25-KCC
configure:4589: result: no
configure:4559: checking for aarch64-apple-darwin25-RCC
configure:4589: result: no
configure:4559: checking for aarch64-apple-darwin25-xlC_r
configure:4589: result: no
configure:4559: checking for aarch64-apple-darwin25-xlC
configure:4589: result: no
configure:4603: checking for g++
configure:4619: found /usr/bin/g++
configure:4630: result: g++
configure:4657: checking for C++ compiler version
configure:4666: g++ --version >&5
Apple clang version 17.0.0 (clang-1700.6.3.2)
Target: arm64-apple-darwin25.2.0
Thread model: posix
InstalledDir: /Applications/Xcode.app/Contents/Developer/Toolchains/XcodeDefault.xctoolchain/usr/bin
configure:4677: $? = 0
configure:4666: g++ -v >&5
Apple clang version 17.0.0 (clang-1700.6.3.2)
Target: arm64-apple-darwin25.2.0
Thread model: posix
InstalledDir: /Applications/Xcode.app/Contents/Developer/Toolchains/XcodeDefault.xctoolchain/usr/bin
configure:4677: $? = 0
configure:4666: g++ -V >&5
clang++: error: argument to '-V' is missing (expected 1 value)
clang++: error: no input files
configure:4677: $? = 1
configure:4666: g++ -qversion >&5
clang++: error: unknown argument '-qversion'; did you mean '--version'?
clang++: error: no input files
configure:4677: $? = 1
configure:4681: checking whether we are using the GNU C++ compiler
configure:4700: g++ -c   conftest.cpp >&5
configure:4700: $? = 0
configure:4709: result: yes
configure:4718: checking whether g++ accepts -g
configure:4738: g++ -c -g  conftest.cpp >&5
configure:4738: $? = 0
configure:4779: result: yes
configure:4804: checking dependency style of g++
configure:4915: result: none
configure:4945: checking dependency style of clang
configure:5054: result: none
configure:5116: checking how to print strings
configure:5143: result: printf
configure:5164: checking for a sed that does not truncate output
configure:5228: result: /usr/bin/sed
configure:5246: checking for grep that handles long lines and -e
configure:5304: result: /usr/bin/grep
configure:5309: checking for egrep
configure:5371: result: /usr/bin/grep -E
configure:5376: checking for fgrep
configure:5438: result: /usr/bin/grep -F
configure:5473: checking for ld used by clang
configure:5540: result: ld
configure:5547: checking if the linker (ld) is GNU ld
configure:5562: result: no
configure:5574: checking for BSD- or MS-compatible name lister (nm)
configure:5628: result: no
configure:5642: checking for aarch64-apple-darwin25-dumpbin
configure:5672: result: no
configure:5642: checking for aarch64-apple-darwin25-link
configure:5672: result: no
configure:5686: checking for dumpbin
configure:5716: result: no
configure:5686: checking for link
configure:5702: found /bin/link
configure:5713: result: link -dump
configure:5758: checking the name lister (nm) interface
configure:5765: clang -c   conftest.c >&5
configure:5768: nm "conftest.o"
configure:5771: output
0000000000000000 B _some_variable
0000000000000000 t ltmp0
0000000000000000 b ltmp1
configure:5778: result: BSD nm
configure:5781: checking whether ln -s works
configure:5785: result: yes
configure:5793: checking the maximum length of command line arguments
configure:5924: result: 786432
configure:5972: checking how to convert aarch64-apple-darwin25.2.0 file names to aarch64-apple-darwin25 format
configure:6012: result: func_convert_file_noop
configure:6019: checking how to convert aarch64-apple-darwin25.2.0 file names to toolchain format
configure:6039: result: func_convert_file_noop
configure:6046: checking for ld option to reload object files
configure:6053: result: -r
configure:6087: checking for aarch64-apple-darwin25-objdump
configure:6117: result: no
configure:6127: checking for objdump
configure:6143: found /opt/homebrew/opt/binutils/bin/objdump
configure:6154: result: objdump
configure:6186: checking how to recognize dependent libraries
configure:6386: result: pass_all
configure:6431: checking for aarch64-apple-darwin25-dlltool
configure:6461: result: no
configure:6471: checking for dlltool
configure:6487: found /opt/homebrew/opt/binutils/bin/dlltool
configure:6498: result: dlltool
configure:6531: checking how to associate runtime and link libraries
configure:6558: result: printf %s\n
configure:6575: checking for aarch64-apple-darwin25-ar
configure:6605: result: no
configure:6619: checking for ar
configure:6635: found /opt/homebrew/opt/binutils/bin/ar
configure:6646: result: ar
configure:6683: checking for archiver @FILE support
configure:6700: clang -c   conftest.c >&5
configure:6700: $? = 0
configure:6703: ar cru libconftest.a @conftest.lst >&5
ar: `u' modifier ignored since `D' is the default (see `U')
configure:6706: $? = 0
configure:6711: ar cru libconftest.a @conftest.lst >&5
ar: `u' modifier ignored since `D' is the default (see `U')
ar: conftest.o: No such file or directory
configure:6714: $? = 1
configure:6726: result: @
configure:6744: checking for aarch64-apple-darwin25-strip
configure:6771: result: strip
configure:6843: checking for aarch64-apple-darwin25-ranlib
configure:6873: result: no
configure:6883: checking for ranlib
configure:6899: found /opt/homebrew/opt/binutils/bin/ranlib
configure:6910: result: ranlib
configure:7012: checking command to parse nm output from clang object
configure:7165: clang -c   conftest.c >&5
configure:7168: $? = 0
configure:7172: nm conftest.o \| sed -n -e 's/^.*[ ]\([ABCDGIRSTW][ABCDGIRSTW]*\)[ ][ ]*\([_A-Za-z][_A-Za-z0-9]*\)$/\1 \2 \2/p' | sed '/ __gnu_lto/d' \> conftest.nm
configure:7175: $? = 0
cannot find nm_test_var in conftest.nm
configure:7165: clang -c   conftest.c >&5
configure:7168: $? = 0
configure:7172: nm conftest.o \| sed -n -e 's/^.*[ ]\([ABCDGIRSTW][ABCDGIRSTW]*\)[ ][ ]*_\([_A-Za-z][_A-Za-z0-9]*\)$/\1 _\2 \2/p' | sed '/ __gnu_lto/d' \> conftest.nm
configure:7175: $? = 0
configure:7241: clang -o conftest    conftest.c conftstm.o >&5
configure:7244: $? = 0
configure:7282: result: ok
configure:7329: checking for sysroot
configure:7359: result: no
configure:7366: checking for a working dd
configure:7404: result: /bin/dd
configure:7408: checking how to truncate binary pipes
configure:7423: result: /bin/dd bs=4096 count=1
configure:7712: checking for aarch64-apple-darwin25-mt
configure:7742: result: no
configure:7752: checking for mt
configure:7782: result: no
configure:7802: checking if : is a manifest tool
configure:7808: : '-?'
configure:7816: result: no
configure:7832: checking for aarch64-apple-darwin25-dsymutil
configure:7862: result: no
configure:7872: checking for dsymutil
configure:7888: found /usr/bin/dsymutil
configure:7899: result: dsymutil
configure:7924: checking for aarch64-apple-darwin25-nmedit
configure:7954: result: no
configure:7964: checking for nmedit
configure:7980: found /Users/mth/anaconda3/bin/nmedit
configure:7991: result: nmedit
configure:8016: checking for aarch64-apple-darwin25-lipo
configure:8046: result: no
configure:8056: checking for lipo
configure:8072: found /Users/mth/anaconda3/bin/lipo
configure:8083: result: lipo
configure:8108: checking for aarch64-apple-darwin25-otool
configure:8138: result: no
configure:8148: checking for otool
configure:8164: found /Users/mth/anaconda3/bin/otool
configure:8175: result: otool
configure:8200: checking for aarch64-apple-darwin25-otool64
configure:8230: result: no
configure:8240: checking for otool64
configure:8270: result: no
configure:8315: checking for -single_module linker flag
clang   -o libconftest.dylib -dynamiclib -Wl,-single_module conftest.c
ld: warning: -single_module is obsolete
configure:8348: result: no
configure:8351: checking for -exported_symbols_list linker flag
configure:8371: clang -o conftest    -Wl,-exported_symbols_list,conftest.sym conftest.c  >&5
configure:8371: $? = 0
configure:8381: result: yes
configure:8384: checking for -force_load linker flag
clang  -c -o conftest.o conftest.c
ar cru libconftest.a conftest.o
ar: `u' modifier ignored since `D' is the default (see `U')
ranlib libconftest.a
clang   -o conftest conftest.c -Wl,-force_load,./libconftest.a
ld: archive member '/' not a mach-o file in './libconftest.a'
clang: error: linker command failed with exit code 1 (use -v to see invocation)
configure:8416: result: no
configure:8493: checking how to run the C preprocessor
configure:8524: clang -E  conftest.c
configure:8524: $? = 0
configure:8538: clang -E  conftest.c
conftest.c:11:10: fatal error: 'ac_nonexistent.h' file not found
   11 | #include <ac_nonexistent.h>
      |          ^~~~~~~~~~~~~~~~~~
1 error generated.
configure:8538: $? = 1
configure: failed program was:
| /* confdefs.h */
| #define PACKAGE_NAME "libffi"
| #define PACKAGE_TARNAME "libffi"
| #define PACKAGE_VERSION "3.3"
| #define PACKAGE_STRING "libffi 3.3"
| #define PACKAGE_BUGREPORT "http://github.com/libffi/libffi/issues"
| #define PACKAGE_URL ""
| #define PACKAGE "libffi"
| #define VERSION "3.3"
| /* end confdefs.h.  */
| #include <ac_nonexistent.h>
configure:8563: result: clang -E
configure:8583: clang -E  conftest.c
configure:8583: $? = 0
configure:8597: clang -E  conftest.c
conftest.c:11:10: fatal error: 'ac_nonexistent.h' file not found
   11 | #include <ac_nonexistent.h>
      |          ^~~~~~~~~~~~~~~~~~
1 error generated.
configure:8597: $? = 1
configure: failed program was:
| /* confdefs.h */
| #define PACKAGE_NAME "libffi"
| #define PACKAGE_TARNAME "libffi"
| #define PACKAGE_VERSION "3.3"
| #define PACKAGE_STRING "libffi 3.3"
| #define PACKAGE_BUGREPORT "http://github.com/libffi/libffi/issues"
| #define PACKAGE_URL ""
| #define PACKAGE "libffi"
| #define VERSION "3.3"
| /* end confdefs.h.  */
| #include <ac_nonexistent.h>
configure:8626: checking for ANSI C header files
configure:8646: clang -c   conftest.c >&5
configure:8646: $? = 0
configure:8719: clang -o conftest    conftest.c  >&5
configure:8719: $? = 0
configure:8719: ./conftest
configure:8719: $? = 0
configure:8730: result: yes
configure:8743: checking for sys/types.h
configure:8743: clang -c   conftest.c >&5
configure:8743: $? = 0
configure:8743: result: yes
configure:8743: checking for sys/stat.h
configure:8743: clang -c   conftest.c >&5
configure:8743: $? = 0
configure:8743: result: yes
configure:8743: checking for stdlib.h
configure:8743: clang -c   conftest.c >&5
configure:8743: $? = 0
configure:8743: result: yes
configure:8743: checking for string.h
configure:8743: clang -c   conftest.c >&5
configure:8743: $? = 0
configure:8743: result: yes
configure:8743: checking for memory.h
configure:8743: clang -c   conftest.c >&5
configure:8743: $? = 0
configure:8743: result: yes
configure:8743: checking for strings.h
configure:8743: clang -c   conftest.c >&5
configure:8743: $? = 0
configure:8743: result: yes
configure:8743: checking for inttypes.h
configure:8743: clang -c   conftest.c >&5
configure:8743: $? = 0
configure:8743: result: yes
configure:8743: checking for stdint.h
configure:8743: clang -c   conftest.c >&5
configure:8743: $? = 0
configure:8743: result: yes
configure:8743: checking for unistd.h
configure:8743: clang -c   conftest.c >&5
configure:8743: $? = 0
configure:8743: result: yes
configure:8757: checking for dlfcn.h
configure:8757: clang -c   conftest.c >&5
configure:8757: $? = 0
configure:8757: result: yes
configure:9024: checking for objdir
configure:9039: result: .libs
configure:9303: checking if clang supports -fno-rtti -fno-exceptions
configure:9321: clang -c   -fno-rtti -fno-exceptions conftest.c >&5
configure:9325: $? = 0
configure:9338: result: yes
configure:9696: checking for clang option to produce PIC
configure:9703: result: -fno-common -DPIC
configure:9711: checking if clang PIC flag -fno-common -DPIC works
configure:9729: clang -c   -fno-common -DPIC -DPIC conftest.c >&5
configure:9733: $? = 0
configure:9746: result: yes
configure:9775: checking if clang static flag -static works
configure:9803: result: no
configure:9818: checking if clang supports -c -o file.o
configure:9839: clang -c   -o out/conftest2.o conftest.c >&5
configure:9843: $? = 0
configure:9865: result: yes
configure:9873: checking if clang supports -c -o file.o
configure:9920: result: yes
configure:9953: checking whether the clang linker (ld) supports shared libraries
configure:11216: result: yes
configure:11456: checking dynamic linker characteristics
configure:12286: result: darwin25 dyld
configure:12408: checking how to hardcode library paths into programs
configure:12433: result: immediate
configure:12981: checking whether stripping libraries is possible
configure:12986: result: yes
configure:13021: checking if libtool supports shared libraries
configure:13023: result: yes
configure:13026: checking whether to build shared libraries
configure:13051: result: yes
configure:13054: checking whether to build static libraries
configure:13058: result: no
configure:13081: checking how to run the C++ preprocessor
configure:13108: g++ -E  conftest.cpp
configure:13108: $? = 0
configure:13122: g++ -E  conftest.cpp
conftest.cpp:23:10: fatal error: 'ac_nonexistent.h' file not found
   23 | #include <ac_nonexistent.h>
      |          ^~~~~~~~~~~~~~~~~~
1 error generated.
configure:13122: $? = 1
configure: failed program was:
| /* confdefs.h */
| #define PACKAGE_NAME "libffi"
| #define PACKAGE_TARNAME "libffi"
| #define PACKAGE_VERSION "3.3"
| #define PACKAGE_STRING "libffi 3.3"
| #define PACKAGE_BUGREPORT "http://github.com/libffi/libffi/issues"
| #define PACKAGE_URL ""
| #define PACKAGE "libffi"
| #define VERSION "3.3"
| #define STDC_HEADERS 1
| #define HAVE_SYS_TYPES_H 1
| #define HAVE_SYS_STAT_H 1
| #define HAVE_STDLIB_H 1
| #define HAVE_STRING_H 1
| #define HAVE_MEMORY_H 1
| #define HAVE_STRINGS_H 1
| #define HAVE_INTTYPES_H 1
| #define HAVE_STDINT_H 1
| #define HAVE_UNISTD_H 1
| #define HAVE_DLFCN_H 1
| #define LT_OBJDIR ".libs/"
| /* end confdefs.h.  */
| #include <ac_nonexistent.h>
configure:13147: result: g++ -E
configure:13167: g++ -E  conftest.cpp
configure:13167: $? = 0
configure:13181: g++ -E  conftest.cpp
conftest.cpp:23:10: fatal error: 'ac_nonexistent.h' file not found
   23 | #include <ac_nonexistent.h>
      |          ^~~~~~~~~~~~~~~~~~
1 error generated.
configure:13181: $? = 1
configure: failed program was:
| /* confdefs.h */
| #define PACKAGE_NAME "libffi"
| #define PACKAGE_TARNAME "libffi"
| #define PACKAGE_VERSION "3.3"
| #define PACKAGE_STRING "libffi 3.3"
| #define PACKAGE_BUGREPORT "http://github.com/libffi/libffi/issues"
| #define PACKAGE_URL ""
| #define PACKAGE "libffi"
| #define VERSION "3.3"
| #define STDC_HEADERS 1
| #define HAVE_SYS_TYPES_H 1
| #define HAVE_SYS_STAT_H 1
| #define HAVE_STDLIB_H 1
| #define HAVE_STRING_H 1
| #define HAVE_MEMORY_H 1
| #define HAVE_STRINGS_H 1
| #define HAVE_INTTYPES_H 1
| #define HAVE_STDINT_H 1
| #define HAVE_UNISTD_H 1
| #define HAVE_DLFCN_H 1
| #define LT_OBJDIR ".libs/"
| /* end confdefs.h.  */
| #include <ac_nonexistent.h>
configure:13343: checking for ld used by g++
configure:13410: result: ld
configure:13417: checking if the linker (ld) is GNU ld
configure:13432: result: no
configure:13487: checking whether the g++ linker (ld) supports shared libraries
configure:14560: result: yes
configure:14596: g++ -c -g -O2  conftest.cpp >&5
configure:14599: $? = 0
configure:15080: checking for g++ option to produce PIC
configure:15087: result: -fno-common -DPIC
configure:15095: checking if g++ PIC flag -fno-common -DPIC works
configure:15113: g++ -c -g -O2  -fno-common -DPIC -DPIC conftest.cpp >&5
configure:15117: $? = 0
configure:15130: result: yes
configure:15153: checking if g++ static flag -static works
configure:15181: result: no
configure:15193: checking if g++ supports -c -o file.o
configure:15214: g++ -c -g -O2  -o out/conftest2.o conftest.cpp >&5
configure:15218: $? = 0
configure:15240: result: yes
configure:15245: checking if g++ supports -c -o file.o
configure:15292: result: yes
configure:15322: checking whether the g++ linker (ld) supports shared libraries
configure:15365: result: yes
configure:15506: checking dynamic linker characteristics
configure:16263: result: darwin25 dyld
configure:16328: checking how to hardcode library paths into programs
configure:16353: result: immediate
configure:16421: checking size of size_t
configure:16426: clang -o conftest    conftest.c  >&5
configure:16426: $? = 0
configure:16426: ./conftest
configure:16426: $? = 0
configure:16440: result: 8
configure:16451: checking for C compiler vendor
configure:16499: clang -c   conftest.c >&5
conftest.c:30:9: error: use of undeclared identifier 'thisisanerror'
   30 |         thisisanerror;
      |         ^
1 error generated.
configure:16499: $? = 1
configure: failed program was:
| /* confdefs.h */
| #define PACKAGE_NAME "libffi"
| #define PACKAGE_TARNAME "libffi"
| #define PACKAGE_VERSION "3.3"
| #define PACKAGE_STRING "libffi 3.3"
| #define PACKAGE_BUGREPORT "http://github.com/libffi/libffi/issues"
| #define PACKAGE_URL ""
| #define PACKAGE "libffi"
| #define VERSION "3.3"
| #define STDC_HEADERS 1
| #define HAVE_SYS_TYPES_H 1
| #define HAVE_SYS_STAT_H 1
| #define HAVE_STDLIB_H 1
| #define HAVE_STRING_H 1
| #define HAVE_MEMORY_H 1
| #define HAVE_STRINGS_H 1
| #define HAVE_INTTYPES_H 1
| #define HAVE_STDINT_H 1
| #define HAVE_UNISTD_H 1
| #define HAVE_DLFCN_H 1
| #define LT_OBJDIR ".libs/"
| #define SIZEOF_SIZE_T 8
| /* end confdefs.h.  */
| 
| int
| main ()
| {
| 
|       #if !(defined(__ICC) || defined(__ECC) || defined(__INTEL_COMPILER))
|         thisisanerror;
|       #endif
| 
|   ;
|   return 0;
| }
configure:16499: clang -c   conftest.c >&5
conftest.c:30:9: error: use of undeclared identifier 'thisisanerror'
   30 |         thisisanerror;
      |         ^
1 error generated.
configure:16499: $? = 1
configure: failed program was:
| /* confdefs.h */
| #define PACKAGE_NAME "libffi"
| #define PACKAGE_TARNAME "libffi"
| #define PACKAGE_VERSION "3.3"
| #define PACKAGE_STRING "libffi 3.3"
| #define PACKAGE_BUGREPORT "http://github.com/libffi/libffi/issues"
| #define PACKAGE_URL ""
| #define PACKAGE "libffi"
| #define VERSION "3.3"
| #define STDC_HEADERS 1
| #define HAVE_SYS_TYPES_H 1
| #define HAVE_SYS_STAT_H 1
| #define HAVE_STDLIB_H 1
| #define HAVE_STRING_H 1
| #define HAVE_MEMORY_H 1
| #define HAVE_STRINGS_H 1
| #define HAVE_INTTYPES_H 1
| #define HAVE_STDINT_H 1
| #define HAVE_UNISTD_H 1
| #define HAVE_DLFCN_H 1
| #define LT_OBJDIR ".libs/"
| #define SIZEOF_SIZE_T 8
| /* end confdefs.h.  */
| 
| int
| main ()
| {
| 
|       #if !(defined(__xlc__) || defined(__xlC__) || defined(__IBMC__) || defined(__IBMCPP__))
|         thisisanerror;
|       #endif
| 
|   ;
|   return 0;
| }
configure:16499: clang -c   conftest.c >&5
conftest.c:30:9: error: use of undeclared identifier 'thisisanerror'
   30 |         thisisanerror;
      |         ^
1 error generated.
configure:16499: $? = 1
configure: failed program was:
| /* confdefs.h */
| #define PACKAGE_NAME "libffi"
| #define PACKAGE_TARNAME "libffi"
| #define PACKAGE_VERSION "3.3"
| #define PACKAGE_STRING "libffi 3.3"
| #define PACKAGE_BUGREPORT "http://github.com/libffi/libffi/issues"
| #define PACKAGE_URL ""
| #define PACKAGE "libffi"
| #define VERSION "3.3"
| #define STDC_HEADERS 1
| #define HAVE_SYS_TYPES_H 1
| #define HAVE_SYS_STAT_H 1
| #define HAVE_STDLIB_H 1
| #define HAVE_STRING_H 1
| #define HAVE_MEMORY_H 1
| #define HAVE_STRINGS_H 1
| #define HAVE_INTTYPES_H 1
| #define HAVE_STDINT_H 1
| #define HAVE_UNISTD_H 1
| #define HAVE_DLFCN_H 1
| #define LT_OBJDIR ".libs/"
| #define SIZEOF_SIZE_T 8
| /* end confdefs.h.  */
| 
| int
| main ()
| {
| 
|       #if !(defined(__PATHCC__) || defined(__PATHSCALE__))
|         thisisanerror;
|       #endif
| 
|   ;
|   return 0;
| }
configure:16499: clang -c   conftest.c >&5
configure:16499: $? = 0
configure:16507: result: clang
configure:17352: checking CFLAGS for maximum warnings
configure:17372: clang -c  -warn all  -warn all  conftest.c >&5
clang: error: unknown argument: '-warn'
clang: error: unknown argument: '-warn'
clang: error: no such file or directory: 'all'
clang: error: no such file or directory: 'all'
configure:17372: $? = 1
configure: failed program was:
| /* confdefs.h */
| #define PACKAGE_NAME "libffi"
| #define PACKAGE_TARNAME "libffi"
| #define PACKAGE_VERSION "3.3"
| #define PACKAGE_STRING "libffi 3.3"
| #define PACKAGE_BUGREPORT "http://github.com/libffi/libffi/issues"
| #define PACKAGE_URL ""
| #define PACKAGE "libffi"
| #define VERSION "3.3"
| #define STDC_HEADERS 1
| #define HAVE_SYS_TYPES_H 1
| #define HAVE_SYS_STAT_H 1
| #define HAVE_STDLIB_H 1
| #define HAVE_STRING_H 1
| #define HAVE_MEMORY_H 1
| #define HAVE_STRINGS_H 1
| #define HAVE_INTTYPES_H 1
| #define HAVE_STDINT_H 1
| #define HAVE_UNISTD_H 1
| #define HAVE_DLFCN_H 1
| #define LT_OBJDIR ".libs/"
| #define SIZEOF_SIZE_T 8
| /* end confdefs.h.  */
| 
| int
| main ()
| {
| 
|   ;
|   return 0;
| }
configure:17372: clang -c  -pedantic  -Wall  conftest.c >&5
conftest.c:26:6: warning: a function declaration without a prototype is deprecated in all versions of C [-Wstrict-prototypes]
   26 | main ()
      |      ^
      |       void
1 warning generated.
configure:17372: $? = 0
configure:17380: result: -Wall
configure:17400: : CFLAGS="$CFLAGS"
configure:17403: $? = 0
configure:17440: checking whether to enable maintainer-specific portions of Makefiles
configure:17449: result: no
configure:17465: checking sys/memfd.h usability
configure:17465: clang -c  -Wall -fexceptions  conftest.c >&5
conftest.c:57:10: fatal error: 'sys/memfd.h' file not found
   57 | #include <sys/memfd.h>
      |          ^~~~~~~~~~~~~
1 error generated.
configure:17465: $? = 1
configure: failed program was:
| /* confdefs.h */
| #define PACKAGE_NAME "libffi"
| #define PACKAGE_TARNAME "libffi"
| #define PACKAGE_VERSION "3.3"
| #define PACKAGE_STRING "libffi 3.3"
| #define PACKAGE_BUGREPORT "http://github.com/libffi/libffi/issues"
| #define PACKAGE_URL ""
| #define PACKAGE "libffi"
| #define VERSION "3.3"
| #define STDC_HEADERS 1
| #define HAVE_SYS_TYPES_H 1
| #define HAVE_SYS_STAT_H 1
| #define HAVE_STDLIB_H 1
| #define HAVE_STRING_H 1
| #define HAVE_MEMORY_H 1
| #define HAVE_STRINGS_H 1
| #define HAVE_INTTYPES_H 1
| #define HAVE_STDINT_H 1
| #define HAVE_UNISTD_H 1
| #define HAVE_DLFCN_H 1
| #define LT_OBJDIR ".libs/"
| #define SIZEOF_SIZE_T 8
| /* end confdefs.h.  */
| #include <stdio.h>
| #ifdef HAVE_SYS_TYPES_H
| # include <sys/types.h>
| #endif
| #ifdef HAVE_SYS_STAT_H
| # include <sys/stat.h>
| #endif
| #ifdef STDC_HEADERS
| # include <stdlib.h>
| # include <stddef.h>
| #else
| # ifdef HAVE_STDLIB_H
| #  include <stdlib.h>
| # endif
| #endif
| #ifdef HAVE_STRING_H
| # if !defined STDC_HEADERS && defined HAVE_MEMORY_H
| #  include <memory.h>
| # endif
| # include <string.h>
| #endif
| #ifdef HAVE_STRINGS_H
| # include <strings.h>
| #endif
| #ifdef HAVE_INTTYPES_H
| # include <inttypes.h>
| #endif
| #ifdef HAVE_STDINT_H
| # include <stdint.h>
| #endif
| #ifdef HAVE_UNISTD_H
| # include <unistd.h>
| #endif
| #include <sys/memfd.h>
configure:17465: result: no
configure:17465: checking sys/memfd.h presence
configure:17465: clang -E  conftest.c
conftest.c:24:10: fatal error: 'sys/memfd.h' file not found
   24 | #include <sys/memfd.h>
      |          ^~~~~~~~~~~~~
1 error generated.
configure:17465: $? = 1
configure: failed program was:
| /* confdefs.h */
| #define PACKAGE_NAME "libffi"
| #define PACKAGE_TARNAME "libffi"
| #define PACKAGE_VERSION "3.3"
| #define PACKAGE_STRING "libffi 3.3"
| #define PACKAGE_BUGREPORT "http://github.com/libffi/libffi/issues"
| #define PACKAGE_URL ""
| #define PACKAGE "libffi"
| #define VERSION "3.3"
| #define STDC_HEADERS 1
| #define HAVE_SYS_TYPES_H 1
| #define HAVE_SYS_STAT_H 1
| #define HAVE_STDLIB_H 1
| #define HAVE_STRING_H 1
| #define HAVE_MEMORY_H 1
| #define HAVE_STRINGS_H 1
| #define HAVE_INTTYPES_H 1
| #define HAVE_STDINT_H 1
| #define HAVE_UNISTD_H 1
| #define HAVE_DLFCN_H 1
| #define LT_OBJDIR ".libs/"
| #define SIZEOF_SIZE_T 8
| /* end confdefs.h.  */
| #include <sys/memfd.h>
configure:17465: result: no
configure:17465: checking for sys/memfd.h
configure:17465: result: no
configure:17477: checking for memfd_create
configure:17477: clang -o conftest  -Wall -fexceptions   conftest.c  >&5
Undefined symbols for architecture arm64:
  "_memfd_create", referenced from:
      _main in conftest-454b01.o
ld: symbol(s) not found for architecture arm64
clang: error: linker command failed with exit code 1 (use -v to see invocation)
configure:17477: $? = 1
configure: failed program was:
| /* confdefs.h */
| #define PACKAGE_NAME "libffi"
| #define PACKAGE_TARNAME "libffi"
| #define PACKAGE_VERSION "3.3"
| #define PACKAGE_STRING "libffi 3.3"
| #define PACKAGE_BUGREPORT "http://github.com/libffi/libffi/issues"
| #define PACKAGE_URL ""
| #define PACKAGE "libffi"
| #define VERSION "3.3"
| #define STDC_HEADERS 1
| #define HAVE_SYS_TYPES_H 1
| #define HAVE_SYS_STAT_H 1
| #define HAVE_STDLIB_H 1
| #define HAVE_STRING_H 1
| #define HAVE_MEMORY_H 1
| #define HAVE_STRINGS_H 1
| #define HAVE_INTTYPES_H 1
| #define HAVE_STDINT_H 1
| #define HAVE_UNISTD_H 1
| #define HAVE_DLFCN_H 1
| #define LT_OBJDIR ".libs/"
| #define SIZEOF_SIZE_T 8
| /* end confdefs.h.  */
| /* Define memfd_create to an innocuous variant, in case <limits.h> declares memfd_create.
|    For example, HP-UX 11i <limits.h> declares gettimeofday.  */
| #define memfd_create innocuous_memfd_create
| 
| /* System header to define __stub macros and hopefully few prototypes,
|     which can conflict with char memfd_create (); below.
|     Prefer <limits.h> to <assert.h> if __STDC__ is defined, since
|     <limits.h> exists even on freestanding compilers.  */
| 
| #ifdef __STDC__
| # include <limits.h>
| #else
| # include <assert.h>
| #endif
| 
| #undef memfd_create
| 
| /* Override any GCC internal prototype to avoid an error.
|    Use char because int might match the return type of a GCC
|    builtin and then its argument prototype would still apply.  */
| #ifdef __cplusplus
| extern "C"
| #endif
| char memfd_create ();
| /* The GNU C library defines this for functions which it implements
|     to always fail with ENOSYS.  Some functions are actually named
|     something starting with __ and the normal name is an alias.  */
| #if defined __stub_memfd_create || defined __stub___memfd_create
| choke me
| #endif
| 
| int
| main ()
| {
| return memfd_create ();
|   ;
|   return 0;
| }
configure:17477: result: no
configure:17489: checking sys/mman.h usability
configure:17489: clang -c  -Wall -fexceptions  conftest.c >&5
configure:17489: $? = 0
configure:17489: result: yes
configure:17489: checking sys/mman.h presence
configure:17489: clang -E  conftest.c
configure:17489: $? = 0
configure:17489: result: yes
configure:17489: checking for sys/mman.h
configure:17489: result: yes
configure:17502: checking for mmap
configure:17502: clang -o conftest  -Wall -fexceptions   conftest.c  >&5
configure:17502: $? = 0
configure:17502: result: yes
configure:17502: checking for mkostemp
configure:17502: clang -o conftest  -Wall -fexceptions   conftest.c  >&5
configure:17502: $? = 0
configure:17502: result: yes
configure:17512: checking for sys/mman.h
configure:17512: result: yes
configure:17520: checking for mmap
configure:17520: result: yes
configure:17533: checking whether read-only mmap of a plain file works
configure:17550: result: yes
configure:17552: checking whether mmap from /dev/zero works
configure:17574: result: no
configure:17578: checking for MAP_ANON(YMOUS)
configure:17601: clang -c  -Wall -fexceptions  conftest.c >&5
conftest.c:38:5: warning: unused variable 'n' [-Wunused-variable]
   38 | int n = MAP_ANONYMOUS;
      |     ^
1 warning generated.
configure:17601: $? = 0
configure:17608: result: yes
configure:17614: checking whether mmap with MAP_ANON(YMOUS) works
configure:17631: result: yes
configure:17674: checking for ANSI C header files
configure:17778: result: yes
configure:17788: checking for memcpy
configure:17788: clang -o conftest  -Wall -fexceptions   conftest.c  >&5
conftest.c:53:6: warning: incompatible redeclaration of library function 'memcpy' [-Wincompatible-library-redeclaration]
   53 | char memcpy ();
      |      ^
conftest.c:53:6: note: 'memcpy' is a builtin with type 'void *(void *, const void *, unsigned long)'
1 warning generated.
configure:17788: $? = 0
configure:17788: result: yes
configure:17797: checking for size_t
configure:17797: clang -c  -Wall -fexceptions  conftest.c >&5
configure:17797: $? = 0
configure:17797: clang -c  -Wall -fexceptions  conftest.c >&5
conftest.c:67:21: error: expected expression
   67 | if (sizeof ((size_t)))
      |                     ^
1 error generated.
configure:17797: $? = 1
configure: failed program was:
| /* confdefs.h */
| #define PACKAGE_NAME "libffi"
| #define PACKAGE_TARNAME "libffi"
| #define PACKAGE_VERSION "3.3"
| #define PACKAGE_STRING "libffi 3.3"
| #define PACKAGE_BUGREPORT "http://github.com/libffi/libffi/issues"
| #define PACKAGE_URL ""
| #define PACKAGE "libffi"
| #define VERSION "3.3"
| #define STDC_HEADERS 1
| #define HAVE_SYS_TYPES_H 1
| #define HAVE_SYS_STAT_H 1
| #define HAVE_STDLIB_H 1
| #define HAVE_STRING_H 1
| #define HAVE_MEMORY_H 1
| #define HAVE_STRINGS_H 1
| #define HAVE_INTTYPES_H 1
| #define HAVE_STDINT_H 1
| #define HAVE_UNISTD_H 1
| #define HAVE_DLFCN_H 1
| #define LT_OBJDIR ".libs/"
| #define SIZEOF_SIZE_T 8
| #define HAVE_SYS_MMAN_H 1
| #define HAVE_MMAP 1
| #define HAVE_MKOSTEMP 1
| #define HAVE_MMAP_FILE 1
| #define HAVE_MMAP_ANON 1
| #define STDC_HEADERS 1
| #define HAVE_MEMCPY 1
| /* end confdefs.h.  */
| #include <stdio.h>
| #ifdef HAVE_SYS_TYPES_H
| # include <sys/types.h>
| #endif
| #ifdef HAVE_SYS_STAT_H
| # include <sys/stat.h>
| #endif
| #ifdef STDC_HEADERS
| # include <stdlib.h>
| # include <stddef.h>
| #else
| # ifdef HAVE_STDLIB_H
| #  include <stdlib.h>
| # endif
| #endif
| #ifdef HAVE_STRING_H
| # if !defined STDC_HEADERS && defined HAVE_MEMORY_H
| #  include <memory.h>
| # endif
| # include <string.h>
| #endif
| #ifdef HAVE_STRINGS_H
| # include <strings.h>
| #endif
| #ifdef HAVE_INTTYPES_H
| # include <inttypes.h>
| #endif
| #ifdef HAVE_STDINT_H
| # include <stdint.h>
| #endif
| #ifdef HAVE_UNISTD_H
| # include <unistd.h>
| #endif
| int
| main ()
| {
| if (sizeof ((size_t)))
| 	    return 0;
|   ;
|   return 0;
| }
configure:17797: result: yes
configure:17810: checking for working alloca.h
configure:17827: clang -o conftest  -Wall -fexceptions   conftest.c  >&5
configure:17827: $? = 0
configure:17835: result: yes
configure:17843: checking for alloca
configure:17880: clang -o conftest  -Wall -fexceptions   conftest.c  >&5
configure:17880: $? = 0
configure:17888: result: yes
configure:17999: checking size of double
configure:18004: clang -o conftest  -Wall -fexceptions   conftest.c  >&5
configure:18004: $? = 0
configure:18004: ./conftest
configure:18004: $? = 0
configure:18018: result: 8
configure:18032: checking size of long double
configure:18037: clang -o conftest  -Wall -fexceptions   conftest.c  >&5
configure:18037: $? = 0
configure:18037: ./conftest
configure:18037: $? = 0
configure:18051: result: 8
configure:18084: checking whether byte ordering is bigendian
configure:18099: clang -c  -Wall -fexceptions  conftest.c >&5
configure:18099: $? = 0
configure:18144: clang -c  -Wall -fexceptions  conftest.c >&5
configure:18144: $? = 0
configure:18162: clang -c  -Wall -fexceptions  conftest.c >&5
conftest.c:42:4: error: use of undeclared identifier 'not'
   42 |                  not big endian
      |                  ^
1 error generated.
configure:18162: $? = 1
configure: failed program was:
| /* confdefs.h */
| #define PACKAGE_NAME "libffi"
| #define PACKAGE_TARNAME "libffi"
| #define PACKAGE_VERSION "3.3"
| #define PACKAGE_STRING "libffi 3.3"
| #define PACKAGE_BUGREPORT "http://github.com/libffi/libffi/issues"
| #define PACKAGE_URL ""
| #define PACKAGE "libffi"
| #define VERSION "3.3"
| #define STDC_HEADERS 1
| #define HAVE_SYS_TYPES_H 1
| #define HAVE_SYS_STAT_H 1
| #define HAVE_STDLIB_H 1
| #define HAVE_STRING_H 1
| #define HAVE_MEMORY_H 1
| #define HAVE_STRINGS_H 1
| #define HAVE_INTTYPES_H 1
| #define HAVE_STDINT_H 1
| #define HAVE_UNISTD_H 1
| #define HAVE_DLFCN_H 1
| #define LT_OBJDIR ".libs/"
| #define SIZEOF_SIZE_T 8
| #define HAVE_SYS_MMAN_H 1
| #define HAVE_MMAP 1
| #define HAVE_MKOSTEMP 1
| #define HAVE_MMAP_FILE 1
| #define HAVE_MMAP_ANON 1
| #define STDC_HEADERS 1
| #define HAVE_MEMCPY 1
| #define HAVE_ALLOCA_H 1
| #define HAVE_ALLOCA 1
| #define SIZEOF_DOUBLE 8
| #define SIZEOF_LONG_DOUBLE 8
| /* end confdefs.h.  */
| #include <sys/types.h>
| 		#include <sys/param.h>
| 
| int
| main ()
| {
| #if BYTE_ORDER != BIG_ENDIAN
| 		 not big endian
| 		#endif
| 
|   ;
|   return 0;
| }
configure:18290: result: no
configure:18309: checking assembler .cfi pseudo-op support
configure:18327: clang -c  -Wall -fexceptions  conftest.c >&5
configure:18327: $? = 0
configure:18335: result: yes
configure:18470: checking whether compiler supports pointer authentication
configure:18498: clang -c  -Wall -fexceptions  conftest.c >&5
conftest.c:48:3: error: Pointer authentication not supported
   48 | # error Pointer authentication not supported
      |   ^
1 error generated.
configure:18498: $? = 1
configure: failed program was:
| /* confdefs.h */
| #define PACKAGE_NAME "libffi"
| #define PACKAGE_TARNAME "libffi"
| #define PACKAGE_VERSION "3.3"
| #define PACKAGE_STRING "libffi 3.3"
| #define PACKAGE_BUGREPORT "http://github.com/libffi/libffi/issues"
| #define PACKAGE_URL ""
| #define PACKAGE "libffi"
| #define VERSION "3.3"
| #define STDC_HEADERS 1
| #define HAVE_SYS_TYPES_H 1
| #define HAVE_SYS_STAT_H 1
| #define HAVE_STDLIB_H 1
| #define HAVE_STRING_H 1
| #define HAVE_MEMORY_H 1
| #define HAVE_STRINGS_H 1
| #define HAVE_INTTYPES_H 1
| #define HAVE_STDINT_H 1
| #define HAVE_UNISTD_H 1
| #define HAVE_DLFCN_H 1
| #define LT_OBJDIR ".libs/"
| #define SIZEOF_SIZE_T 8
| #define HAVE_SYS_MMAN_H 1
| #define HAVE_MMAP 1
| #define HAVE_MKOSTEMP 1
| #define HAVE_MMAP_FILE 1
| #define HAVE_MMAP_ANON 1
| #define STDC_HEADERS 1
| #define HAVE_MEMCPY 1
| #define HAVE_ALLOCA_H 1
| #define HAVE_ALLOCA 1
| #define SIZEOF_DOUBLE 8
| #define SIZEOF_LONG_DOUBLE 8
| #define HAVE_AS_CFI_PSEUDO_OP 1
| /* end confdefs.h.  */
| 
| int
| main ()
| {
| 
| #ifdef __clang__
| # if __has_feature(ptrauth_calls)
| #  define HAVE_PTRAUTH 1
| # endif
| #endif
| 
| #ifndef HAVE_PTRAUTH
| # error Pointer authentication not supported
| #endif
| 
|   ;
|   return 0;
| }
configure:18506: result: no
configure:18525: checking for _ prefix in compiled symbols
configure:18535: clang -c  -Wall -fexceptions  conftest.c >&5
conftest.c:2:12: warning: expression result unused [-Wunused-value]
    2 | int main(){nm_test_func;return 0;}
      |            ^~~~~~~~~~~~
1 warning generated.
configure:18538: $? = 0
configure:18542: nm conftest.o \| sed -n -e 's/^.*[	 ]\([ABCDGIRSTW][ABCDGIRSTW]*\)[	 ][	 ]*_\([_A-Za-z][_A-Za-z0-9]*\)$/\1 _\2 \2/p' | sed '/ __gnu_lto/d' \> conftest.nm
configure:18545: $? = 0
configure:18567: result: yes
configure:18642: checking whether C compiler accepts -fno-lto
configure:18661: clang -c  -Wall -fexceptions  -fno-lto  conftest.c >&5
configure:18661: $? = 0
configure:18669: result: yes
configure:18678: checking whether .eh_frame section should be read-only
configure:18694: result: yes
configure:18709: checking for __attribute__((visibility("hidden")))
configure:18718: clang -Werror -S conftest.c -o conftest.s 1>&5
configure:18721: $? = 0
configure:18730: result: yes
configure:18869: checking for ld used by clang
configure:18936: result: ld
configure:18943: checking if the linker (ld) is GNU ld
configure:18958: result: no
configure:19271: versioning on shared library symbols is no
configure:19392: checking that generated files are newer than configure
configure:19398: result: done
configure:19466: creating ./config.status

## ---------------------- ##
## Running config.status. ##
## ---------------------- ##

This file was extended by libffi config.status 3.3, which was
generated by GNU Autoconf 2.69.  Invocation command line was

  CONFIG_FILES    = 
  CONFIG_HEADERS  = 
  CONFIG_LINKS    = 
  CONFIG_COMMANDS = 
  $ ./config.status 

on Michaels-MacBook-Pro.local

config.status:1222: creating include/Makefile
config.status:1222: creating include/ffi.h
config.status:1222: creating Makefile
config.status:1222: creating testsuite/Makefile
config.status:1222: creating man/Makefile
config.status:1222: creating doc/Makefile
config.status:1222: creating libffi.pc
config.status:1222: creating fficonfig.h
config.status:1436: executing buildir commands
config.status:1449: skipping top_srcdir/Makefile - not created
config.status:1436: executing depfiles commands
config.status:1436: executing libtool commands
config.status:1436: executing include commands
config.status:1436: executing src commands

## ---------------- ##
## Cache variables. ##
## ---------------- ##

ac_cv_build=aarch64-apple-darwin25.2.0
ac_cv_c_bigendian=no
ac_cv_c_compiler_gnu=yes
ac_cv_cflags_warn_all=-Wall
ac_cv_cxx_compiler_gnu=yes
ac_cv_decl_map_anon=yes
ac_cv_env_CCASFLAGS_set=
ac_cv_env_CCASFLAGS_value=
ac_cv_env_CCAS_set=
ac_cv_env_CCAS_value=
ac_cv_env_CPPFLAGS_set=
ac_cv_env_CPPFLAGS_value=
ac_cv_env_CPP_set=
ac_cv_env_CPP_value=
ac_cv_env_CXXCPP_set=
ac_cv_env_CXXCPP_value=
ac_cv_env_LT_SYS_LIBRARY_PATH_set=
ac_cv_env_LT_SYS_LIBRARY_PATH_value=
ac_cv_env_build_alias_set=
ac_cv_env_build_alias_value=
ac_cv_env_host_alias_set=set
ac_cv_env_host_alias_value=aarch64-apple-darwin25
ac_cv_env_target_alias_set=
ac_cv_env_target_alias_value=
ac_cv_func_alloca_works=yes
ac_cv_func_memcpy=yes
ac_cv_func_memfd_create=no
ac_cv_func_mkostemp=yes
ac_cv_func_mmap=yes
ac_cv_func_mmap_anon=yes
ac_cv_func_mmap_dev_zero=no
ac_cv_func_mmap_file=yes
ac_cv_header_dlfcn_h=yes
ac_cv_header_inttypes_h=yes
ac_cv_header_memory_h=yes
ac_cv_header_stdc=yes
ac_cv_header_stdint_h=yes
ac_cv_header_stdlib_h=yes
ac_cv_header_string_h=yes
ac_cv_header_strings_h=yes
ac_cv_header_sys_memfd_h=no
ac_cv_header_sys_mman_h=yes
ac_cv_header_sys_stat_h=yes
ac_cv_header_sys_types_h=yes
ac_cv_header_unistd_h=yes
ac_cv_host=aarch64-apple-darwin25
ac_cv_objext=o
ac_cv_path_EGREP='/usr/bin/grep -E'
ac_cv_path_FGREP='/usr/bin/grep -F'
ac_cv_path_GREP=/usr/bin/grep
ac_cv_path_SED=/usr/bin/sed
ac_cv_path_ax_enable_builddir_sed=sed
ac_cv_path_install='/usr/bin/install -c'
ac_cv_path_lt_DD=/bin/dd
ac_cv_prog_AWK=awk
ac_cv_prog_CC=clang
ac_cv_prog_CPP='clang -E'
ac_cv_prog_CXXCPP='g++ -E'
ac_cv_prog_STRIP=strip
ac_cv_prog_ac_ct_AR=ar
ac_cv_prog_ac_ct_CXX=g++
ac_cv_prog_ac_ct_DLLTOOL=dlltool
ac_cv_prog_ac_ct_DSYMUTIL=dsymutil
ac_cv_prog_ac_ct_DUMPBIN='link -dump'
ac_cv_prog_ac_ct_LIPO=lipo
ac_cv_prog_ac_ct_NMEDIT=nmedit
ac_cv_prog_ac_ct_OBJDUMP=objdump
ac_cv_prog_ac_ct_OTOOL=otool
ac_cv_prog_ac_ct_RANLIB=ranlib
ac_cv_prog_ac_ct_STRIP=strip
ac_cv_prog_cc_c89=
ac_cv_prog_cc_g=yes
ac_cv_prog_cxx_g=yes
ac_cv_prog_make_make_set=yes
ac_cv_sizeof_double=8
ac_cv_sizeof_long_double=8
ac_cv_sizeof_size_t=8
ac_cv_target=aarch64-apple-darwin25
ac_cv_type_size_t=yes
ac_cv_working_alloca_h=yes
am_cv_CCAS_dependencies_compiler_type=none
am_cv_CC_dependencies_compiler_type=none
am_cv_CXX_dependencies_compiler_type=none
am_cv_make_support_nested_variables=yes
am_cv_prog_cc_c_o=yes
ax_cv_c_compiler_vendor=clang
ax_cv_check_cflags___fno_lto=yes
gcc_cv_as_cfi_pseudo_op=yes
libffi_cv_as_ptrauth=no
libffi_cv_hidden_visibility_attribute=yes
libffi_cv_no_lto=-fno-lto
libffi_cv_ro_eh_frame=yes
lt_cv_apple_cc_single_mod=no
lt_cv_ar_at_file=@
lt_cv_deplibs_check_method=pass_all
lt_cv_file_magic_cmd='$MAGIC_CMD'
lt_cv_file_magic_test_file=
lt_cv_ld_exported_symbols_list=yes
lt_cv_ld_force_load=no
lt_cv_ld_reload_flag=-r
lt_cv_nm_interface='BSD nm'
lt_cv_objdir=.libs
lt_cv_path_LD=ld
lt_cv_path_LDCXX=ld
lt_cv_path_NM=no
lt_cv_path_mainfest_tool=no
lt_cv_prog_compiler_c_o=yes
lt_cv_prog_compiler_c_o_CXX=yes
lt_cv_prog_compiler_pic='-fno-common -DPIC'
lt_cv_prog_compiler_pic_CXX='-fno-common -DPIC'
lt_cv_prog_compiler_pic_works=yes
lt_cv_prog_compiler_pic_works_CXX=yes
lt_cv_prog_compiler_rtti_exceptions=yes
lt_cv_prog_compiler_static_works=no
lt_cv_prog_compiler_static_works_CXX=no
lt_cv_prog_gnu_ld=no
lt_cv_prog_gnu_ldcxx=no
lt_cv_sharedlib_from_linklib_cmd='printf %s\n'
lt_cv_sys_global_symbol_pipe='sed -n -e '\''s/^.*[	 ]\([ABCDGIRSTW][ABCDGIRSTW]*\)[	 ][	 ]*_\([_A-Za-z][_A-Za-z0-9]*\)$/\1 _\2 \2/p'\'' | sed '\''/ __gnu_lto/d'\'''
lt_cv_sys_global_symbol_to_c_name_address='sed -n -e '\''s/^: \(.*\) .*$/  {"\1", (void *) 0},/p'\'' -e '\''s/^[ABCDGIRSTW][ABCDGIRSTW]* .* \(.*\)$/  {"\1", (void *) \&\1},/p'\'''
lt_cv_sys_global_symbol_to_c_name_address_lib_prefix='sed -n -e '\''s/^: \(.*\) .*$/  {"\1", (void *) 0},/p'\'' -e '\''s/^[ABCDGIRSTW][ABCDGIRSTW]* .* \(lib.*\)$/  {"\1", (void *) \&\1},/p'\'' -e '\''s/^[ABCDGIRSTW][ABCDGIRSTW]* .* \(.*\)$/  {"lib\1", (void *) \&\1},/p'\'''
lt_cv_sys_global_symbol_to_cdecl='sed -n -e '\''s/^T .* \(.*\)$/extern int \1();/p'\'' -e '\''s/^[ABCDGIRSTW][ABCDGIRSTW]* .* \(.*\)$/extern char \1;/p'\'''
lt_cv_sys_global_symbol_to_import=
lt_cv_sys_max_cmd_len=786432
lt_cv_sys_symbol_underscore=yes
lt_cv_to_host_file_cmd=func_convert_file_noop
lt_cv_to_tool_file_cmd=func_convert_file_noop
lt_cv_truncate_bin='/bin/dd bs=4096 count=1'

## ----------------- ##
## Output variables. ##
## ----------------- ##

ACLOCAL='${SHELL} '\''/Users/mth/repos/hallettmiket.github.io/vendor/bundle/ruby/4.0.0/gems/ffi-1.15.4/ext/ffi_c/libffi/missing'\'' aclocal-1.16'
ALLOCA=''
AMDEPBACKSLASH=''
AMDEP_FALSE=''
AMDEP_TRUE='#'
AMTAR='$${TAR-tar}'
AM_BACKSLASH='\'
AM_DEFAULT_V='$(AM_DEFAULT_VERBOSITY)'
AM_DEFAULT_VERBOSITY='1'
AM_LTLDFLAGS=''
AM_RUNTESTFLAGS=''
AM_V='$(V)'
AR='ar'
AUTOCONF='${SHELL} '\''/Users/mth/repos/hallettmiket.github.io/vendor/bundle/ruby/4.0.0/gems/ffi-1.15.4/ext/ffi_c/libffi/missing'\'' autoconf'
AUTOHEADER='${SHELL} '\''/Users/mth/repos/hallettmiket.github.io/vendor/bundle/ruby/4.0.0/gems/ffi-1.15.4/ext/ffi_c/libffi/missing'\'' autoheader'
AUTOMAKE='${SHELL} '\''/Users/mth/repos/hallettmiket.github.io/vendor/bundle/ruby/4.0.0/gems/ffi-1.15.4/ext/ffi_c/libffi/missing'\'' automake-1.16'
AWK='awk'
BUILD_DOCS_FALSE=''
BUILD_DOCS_TRUE='#'
CC='clang'
CCAS='clang'
CCASDEPMODE='depmode=none'
CCASFLAGS=''
CCDEPMODE='depmode=none'
CFLAGS=' -Wall -fexceptions'
CPP='clang -E'
CPPFLAGS=''
CXX='g++'
CXXCPP='g++ -E'
CXXDEPMODE='depmode=none'
CXXFLAGS='-g -O2'
CYGPATH_W='echo'
DEFS='-DHAVE_CONFIG_H'
DEPDIR='.deps'
DLLTOOL='dlltool'
DSYMUTIL='dsymutil'
DUMPBIN=':'
ECHO_C='\c'
ECHO_N=''
ECHO_T=''
EGREP='/usr/bin/grep -E'
EXEEXT=''
FFI_DEBUG_FALSE=''
FFI_DEBUG_TRUE='#'
FFI_EXEC_TRAMPOLINE_TABLE='1'
FFI_EXEC_TRAMPOLINE_TABLE_FALSE='#'
FFI_EXEC_TRAMPOLINE_TABLE_TRUE=''
FGREP='/usr/bin/grep -F'
GREP='/usr/bin/grep'
HAVE_LONG_DOUBLE='0'
HAVE_LONG_DOUBLE_VARIANT='0'
INSTALL_DATA='${INSTALL} -m 644'
INSTALL_PROGRAM='${INSTALL}'
INSTALL_SCRIPT='${INSTALL}'
INSTALL_STRIP_PROGRAM='$(install_sh) -c -s'
LD='ld'
LDFLAGS=''
LIBFFI_BUILD_VERSIONED_SHLIB_FALSE=''
LIBFFI_BUILD_VERSIONED_SHLIB_GNU_FALSE=''
LIBFFI_BUILD_VERSIONED_SHLIB_GNU_TRUE='#'
LIBFFI_BUILD_VERSIONED_SHLIB_SUN_FALSE=''
LIBFFI_BUILD_VERSIONED_SHLIB_SUN_TRUE='#'
LIBFFI_BUILD_VERSIONED_SHLIB_TRUE='#'
LIBOBJS=''
LIBS=''
LIBTOOL='$(SHELL) $(top_builddir)/libtool'
LIPO='lipo'
LN_S='ln -s'
LTLIBOBJS=''
LT_SYS_LIBRARY_PATH=''
MAINT='#'
MAINTAINER_MODE_FALSE=''
MAINTAINER_MODE_TRUE='#'
MAKEINFO='${SHELL} '\''/Users/mth/repos/hallettmiket.github.io/vendor/bundle/ruby/4.0.0/gems/ffi-1.15.4/ext/ffi_c/libffi/missing'\'' makeinfo'
MANIFEST_TOOL=':'
MKDIR_P='/Users/mth/repos/hallettmiket.github.io/vendor/bundle/ruby/4.0.0/gems/ffi-1.15.4/ext/ffi_c/libffi/install-sh -c -d'
NM='nm'
NMEDIT='nmedit'
OBJDUMP='objdump'
OBJEXT='o'
OPT_LDFLAGS=''
OTOOL64=':'
OTOOL='otool'
PACKAGE='libffi'
PACKAGE_BUGREPORT='http://github.com/libffi/libffi/issues'
PACKAGE_NAME='libffi'
PACKAGE_STRING='libffi 3.3'
PACKAGE_TARNAME='libffi'
PACKAGE_URL=''
PACKAGE_VERSION='3.3'
PATH_SEPARATOR=':'
PRTDIAG=''
RANLIB='ranlib'
SECTION_LDFLAGS=''
SED='/usr/bin/sed'
SET_MAKE=''
SHELL='/bin/sh'
STRIP='strip'
TARGET='AARCH64'
TARGETDIR='aarch64'
TARGET_OBJ=' src/aarch64/ffi.lo src/aarch64/sysv.lo'
TESTSUBDIR_FALSE='#'
TESTSUBDIR_TRUE=''
VERSION='3.3'
ac_ct_AR='ar'
ac_ct_CC=''
ac_ct_CXX='g++'
ac_ct_DUMPBIN='link -dump'
am__EXEEXT_FALSE=''
am__EXEEXT_TRUE='#'
am__fastdepCCAS_FALSE=''
am__fastdepCCAS_TRUE='#'
am__fastdepCC_FALSE=''
am__fastdepCC_TRUE='#'
am__fastdepCXX_FALSE=''
am__fastdepCXX_TRUE='#'
am__include='include'
am__isrc=' -I$(srcdir)'
am__leading_dot='.'
am__nodep=''
am__quote=''
am__tar='$${TAR-tar} chof - "$$tardir"'
am__untar='$${TAR-tar} xf -'
ax_enable_builddir_sed='sed'
bindir='${exec_prefix}/bin'
build='aarch64-apple-darwin25.2.0'
build_alias=''
build_cpu='aarch64'
build_os='darwin25.2.0'
build_vendor='apple'
datadir='${datarootdir}'
datarootdir='${prefix}/share'
docdir='${datarootdir}/doc/${PACKAGE_TARNAME}'
dvidir='${docdir}'
exec_prefix='${prefix}'
host='aarch64-apple-darwin25'
host_alias='aarch64-apple-darwin25'
host_cpu='aarch64'
host_os='darwin25'
host_vendor='apple'
htmldir='${docdir}'
includedir='${prefix}/include'
infodir='${datarootdir}/info'
install_sh='${SHELL} /Users/mth/repos/hallettmiket.github.io/vendor/bundle/ruby/4.0.0/gems/ffi-1.15.4/ext/ffi_c/libffi/install-sh'
libdir='${exec_prefix}/lib'
libexecdir='${exec_prefix}/libexec'
localedir='${datarootdir}/locale'
localstatedir='${prefix}/var'
mandir='${datarootdir}/man'
mkdir_p='$(MKDIR_P)'
oldincludedir='/usr/include'
pdfdir='${docdir}'
prefix='/usr/local'
program_transform_name='s,x,x,'
psdir='${docdir}'
runstatedir='${localstatedir}/run'
sbindir='${exec_prefix}/sbin'
sharedstatedir='${prefix}/com'
sys_symbol_underscore='yes'
sysconfdir='${prefix}/etc'
target='aarch64-apple-darwin25'
target_alias='aarch64-apple-darwin25'
target_cpu='aarch64'
target_os='darwin25'
target_vendor='apple'
toolexecdir='${libdir}/gcc-lib/$(target_alias)'
toolexeclibdir='${libdir}'

## ----------- ##
## confdefs.h. ##
## ----------- ##

/* confdefs.h */
#define PACKAGE_NAME "libffi"
#define PACKAGE_TARNAME "libffi"
#define PACKAGE_VERSION "3.3"
#define PACKAGE_STRING "libffi 3.3"
#define PACKAGE_BUGREPORT "http://github.com/libffi/libffi/issues"
#define PACKAGE_URL ""
#define PACKAGE "libffi"
#define VERSION "3.3"
#define STDC_HEADERS 1
#define HAVE_SYS_TYPES_H 1
#define HAVE_SYS_STAT_H 1
#define HAVE_STDLIB_H 1
#define HAVE_STRING_H 1
#define HAVE_MEMORY_H 1
#define HAVE_STRINGS_H 1
#define HAVE_INTTYPES_H 1
#define HAVE_STDINT_H 1
#define HAVE_UNISTD_H 1
#define HAVE_DLFCN_H 1
#define LT_OBJDIR ".libs/"
#define SIZEOF_SIZE_T 8
#define HAVE_SYS_MMAN_H 1
#define HAVE_MMAP 1
#define HAVE_MKOSTEMP 1
#define HAVE_MMAP_FILE 1
#define HAVE_MMAP_ANON 1
#define STDC_HEADERS 1
#define HAVE_MEMCPY 1
#define HAVE_ALLOCA_H 1
#define HAVE_ALLOCA 1
#define SIZEOF_DOUBLE 8
#define SIZEOF_LONG_DOUBLE 8
#define HAVE_AS_CFI_PSEUDO_OP 1
#define SYMBOL_UNDERSCORE 1
#define FFI_EXEC_TRAMPOLINE_TABLE 1
#define HAVE_RO_EH_FRAME 1
#define EH_FRAME_FLAGS "a"
#define HAVE_HIDDEN_VISIBILITY_ATTRIBUTE 1

configure: exit 0
