This file contains any messages produced by compilers while
running configure, to aid debugging if configure makes a mistake.

It was created by libxslt configure 1.1.34, which was
generated by GNU Autoconf 2.69.  Invocation command line was

  $ ./configure --host=arm64-apple-darwin25 --enable-static --disable-shared --libdir=/Users/mth/repos/hallettmiket.github.io/vendor/bundle/ruby/4.0.0/gems/nokogiri-1.12.5/ports/arm64-apple-darwin25/libxslt/1.1.34/lib --disable-dependency-tracking --without-python --without-crypto --with-debug --with-libxml-prefix=/Users/mth/repos/hallettmiket.github.io/vendor/bundle/ruby/4.0.0/gems/nokogiri-1.12.5/ports/arm64-apple-darwin25/libxml2/2.9.12 --disable-shared --enable-static RANLIB=/usr/bin/ranlib AR=/usr/bin/ar CFLAGS=-O2 -U_FORTIFY_SOURCE -g -fPIC --prefix=/Users/mth/repos/hallettmiket.github.io/vendor/bundle/ruby/4.0.0/gems/nokogiri-1.12.5/ports/arm64-apple-darwin25/libxslt/1.1.34

## --------- ##
## Platform. ##
## --------- ##

hostname = Michaels-MacBook-Pro.local
uname -m = arm64
uname -r = 25.2.0
uname -s = Darwin
uname -v = Darwin Kernel Version 25.2.0: Tue Nov 18 21:09:45 PST 2025; root:xnu-12377.61.12~1/RELEASE_ARM64_T6030

/usr/bin/uname -p = arm
/bin/uname -X     = unknown

/bin/arch              = unknown
/usr/bin/arch -k       = unknown
/usr/convex/getsysinfo = unknown
/usr/bin/hostinfo      = Mach kernel version:
	 Darwin Kernel Version 25.2.0: Tue Nov 18 21:09:45 PST 2025; root:xnu-12377.61.12~1/RELEASE_ARM64_T6030
Kernel configured for up to 12 processors.
12 processors are physically available.
12 processors are logically available.
Processor type: arm64e (ARM64E)
Processors active: 0 1 2 3 4 5 6 7 8 9 10 11
Primary memory available: 36.00 gigabytes
Default processor set: 938 tasks, 4472 threads, 12 processors
Load average: 29.12, Mach factor: 0.59
/bin/machine           = unknown
/usr/bin/oslevel       = unknown
/bin/universe          = unknown

PATH: /Users/mth/repos/hallettmiket.github.io/vendor/bundle/ruby/4.0.0/gems/nokogiri-1.12.5/ports/arm64-apple-darwin25/libxml2/2.9.12/bin
PATH: /opt/homebrew/opt/binutils/bin
PATH: /opt/homebrew/opt/ruby/bin
PATH: /Users/mth/anaconda3/bin
PATH: /Users/mth/anaconda3/condabin
PATH: /opt/homebrew/bin
PATH: /opt/homebrew/sbin
PATH: /usr/local/bin
PATH: /System/Cryptexes/App/usr/bin
PATH: /usr/bin
PATH: /bin
PATH: /usr/sbin
PATH: /sbin
PATH: /var/run/com.apple.security.cryptexd/codex.system/bootstrap/usr/local/bin
PATH: /var/run/com.apple.security.cryptexd/codex.system/bootstrap/usr/bin
PATH: /var/run/com.apple.security.cryptexd/codex.system/bootstrap/usr/appleinternal/bin
PATH: /opt/pmk/env/global/bin
PATH: /opt/X11/bin
PATH: /Library/Apple/usr/bin
PATH: /Library/TeX/texbin
PATH: /Applications/iTerm.app/Contents/Resources/utilities


## ----------- ##
## Core tests. ##
## ----------- ##

configure:2353: checking build system type
configure:2367: result: aarch64-apple-darwin25.2.0
configure:2387: checking host system type
configure:2400: result: aarch64-apple-darwin25
configure:2431: checking for arm64-apple-darwin25-gcc
configure:2458: result: clang
configure:2727: checking for C compiler version
configure:2736: clang --version >&5
Apple clang version 17.0.0 (clang-1700.6.3.2)
Target: arm64-apple-darwin25.2.0
Thread model: posix
InstalledDir: /Applications/Xcode.app/Contents/Developer/Toolchains/XcodeDefault.xctoolchain/usr/bin
configure:2747: $? = 0
configure:2736: clang -v >&5
Apple clang version 17.0.0 (clang-1700.6.3.2)
Target: arm64-apple-darwin25.2.0
Thread model: posix
InstalledDir: /Applications/Xcode.app/Contents/Developer/Toolchains/XcodeDefault.xctoolchain/usr/bin
configure:2747: $? = 0
configure:2736: clang -V >&5
clang: error: argument to '-V' is missing (expected 1 value)
clang: error: no input files
configure:2747: $? = 1
configure:2736: clang -qversion >&5
clang: error: unknown argument '-qversion'; did you mean '--version'?
clang: error: no input files
configure:2747: $? = 1
configure:2767: checking whether the C compiler works
configure:2789: clang -O2 -U_FORTIFY_SOURCE -g -fPIC  -L/Users/mth/repos/hallettmiket.github.io/vendor/bundle/ruby/4.0.0/gems/nokogiri-1.12.5/ports/arm64-apple-darwin25/libxml2/2.9.12/lib conftest.c  >&5
configure:2793: $? = 0
configure:2841: result: yes
configure:2844: checking for C compiler default output file name
configure:2846: result: a.out
configure:2852: checking for suffix of executables
configure:2859: clang -o conftest -O2 -U_FORTIFY_SOURCE -g -fPIC  -L/Users/mth/repos/hallettmiket.github.io/vendor/bundle/ruby/4.0.0/gems/nokogiri-1.12.5/ports/arm64-apple-darwin25/libxml2/2.9.12/lib conftest.c  >&5
configure:2863: $? = 0
configure:2885: result: 
configure:2907: checking whether we are cross compiling
configure:2915: clang -o conftest -O2 -U_FORTIFY_SOURCE -g -fPIC  -L/Users/mth/repos/hallettmiket.github.io/vendor/bundle/ruby/4.0.0/gems/nokogiri-1.12.5/ports/arm64-apple-darwin25/libxml2/2.9.12/lib conftest.c  >&5
configure:2919: $? = 0
configure:2926: ./conftest
configure:2930: $? = 0
configure:2945: result: no
configure:2950: checking for suffix of object files
configure:2972: clang -c -O2 -U_FORTIFY_SOURCE -g -fPIC  conftest.c >&5
configure:2976: $? = 0
configure:2997: result: o
configure:3001: checking whether we are using the GNU C compiler
configure:3020: clang -c -O2 -U_FORTIFY_SOURCE -g -fPIC  conftest.c >&5
configure:3020: $? = 0
configure:3029: result: yes
configure:3038: checking whether clang accepts -g
configure:3058: clang -c -g  conftest.c >&5
configure:3058: $? = 0
configure:3099: result: yes
configure:3116: checking for clang option to accept ISO C89
configure:3179: clang  -c -O2 -U_FORTIFY_SOURCE -g -fPIC  conftest.c >&5
conftest.c:15:14: warning: a function definition without a prototype is deprecated in all versions of C and is not supported in C23 [-Wdeprecated-non-prototype]
   15 | static char *e (p, i)
      |              ^
1 warning generated.
configure:3179: $? = 0
configure:3192: result: none needed
configure:3217: checking whether clang understands -c and -o together
configure:3239: clang -c conftest.c -o conftest2.o
configure:3242: $? = 0
configure:3239: clang -c conftest.c -o conftest2.o
configure:3242: $? = 0
configure:3254: result: yes
configure:3277: checking how to run the C preprocessor
configure:3308: clang -E  conftest.c
configure:3308: $? = 0
configure:3322: clang -E  conftest.c
conftest.c:9:10: fatal error: 'ac_nonexistent.h' file not found
    9 | #include <ac_nonexistent.h>
      |          ^~~~~~~~~~~~~~~~~~
1 error generated.
configure:3322: $? = 1
configure: failed program was:
| /* confdefs.h */
| #define PACKAGE_NAME "libxslt"
| #define PACKAGE_TARNAME "libxslt"
| #define PACKAGE_VERSION "1.1.34"
| #define PACKAGE_STRING "libxslt 1.1.34"
| #define PACKAGE_BUGREPORT ""
| #define PACKAGE_URL ""
| /* end confdefs.h.  */
| #include <ac_nonexistent.h>
configure:3347: result: clang -E
configure:3367: clang -E  conftest.c
configure:3367: $? = 0
configure:3381: clang -E  conftest.c
conftest.c:9:10: fatal error: 'ac_nonexistent.h' file not found
    9 | #include <ac_nonexistent.h>
      |          ^~~~~~~~~~~~~~~~~~
1 error generated.
configure:3381: $? = 1
configure: failed program was:
| /* confdefs.h */
| #define PACKAGE_NAME "libxslt"
| #define PACKAGE_TARNAME "libxslt"
| #define PACKAGE_VERSION "1.1.34"
| #define PACKAGE_STRING "libxslt 1.1.34"
| #define PACKAGE_BUGREPORT ""
| #define PACKAGE_URL ""
| /* end confdefs.h.  */
| #include <ac_nonexistent.h>
configure:3410: checking for grep that handles long lines and -e
configure:3468: result: /usr/bin/grep
configure:3473: checking for egrep
configure:3535: result: /usr/bin/grep -E
configure:3540: checking for ANSI C header files
configure:3560: clang -c -O2 -U_FORTIFY_SOURCE -g -fPIC  conftest.c >&5
configure:3560: $? = 0
configure:3633: clang -o conftest -O2 -U_FORTIFY_SOURCE -g -fPIC  -L/Users/mth/repos/hallettmiket.github.io/vendor/bundle/ruby/4.0.0/gems/nokogiri-1.12.5/ports/arm64-apple-darwin25/libxml2/2.9.12/lib conftest.c  >&5
configure:3633: $? = 0
configure:3633: ./conftest
configure:3633: $? = 0
configure:3644: result: yes
configure:3657: checking for sys/types.h
configure:3657: clang -c -O2 -U_FORTIFY_SOURCE -g -fPIC  conftest.c >&5
configure:3657: $? = 0
configure:3657: result: yes
configure:3657: checking for sys/stat.h
configure:3657: clang -c -O2 -U_FORTIFY_SOURCE -g -fPIC  conftest.c >&5
configure:3657: $? = 0
configure:3657: result: yes
configure:3657: checking for stdlib.h
configure:3657: clang -c -O2 -U_FORTIFY_SOURCE -g -fPIC  conftest.c >&5
configure:3657: $? = 0
configure:3657: result: yes
configure:3657: checking for string.h
configure:3657: clang -c -O2 -U_FORTIFY_SOURCE -g -fPIC  conftest.c >&5
configure:3657: $? = 0
configure:3657: result: yes
configure:3657: checking for memory.h
configure:3657: clang -c -O2 -U_FORTIFY_SOURCE -g -fPIC  conftest.c >&5
configure:3657: $? = 0
configure:3657: result: yes
configure:3657: checking for strings.h
configure:3657: clang -c -O2 -U_FORTIFY_SOURCE -g -fPIC  conftest.c >&5
configure:3657: $? = 0
configure:3657: result: yes
configure:3657: checking for inttypes.h
configure:3657: clang -c -O2 -U_FORTIFY_SOURCE -g -fPIC  conftest.c >&5
configure:3657: $? = 0
configure:3657: result: yes
configure:3657: checking for stdint.h
configure:3657: clang -c -O2 -U_FORTIFY_SOURCE -g -fPIC  conftest.c >&5
configure:3657: $? = 0
configure:3657: result: yes
configure:3657: checking for unistd.h
configure:3657: clang -c -O2 -U_FORTIFY_SOURCE -g -fPIC  conftest.c >&5
configure:3657: $? = 0
configure:3657: result: yes
configure:3670: checking minix/config.h usability
configure:3670: clang -c -O2 -U_FORTIFY_SOURCE -g -fPIC  conftest.c >&5
conftest.c:52:10: fatal error: 'minix/config.h' file not found
   52 | #include <minix/config.h>
      |          ^~~~~~~~~~~~~~~~
1 error generated.
configure:3670: $? = 1
configure: failed program was:
| /* confdefs.h */
| #define PACKAGE_NAME "libxslt"
| #define PACKAGE_TARNAME "libxslt"
| #define PACKAGE_VERSION "1.1.34"
| #define PACKAGE_STRING "libxslt 1.1.34"
| #define PACKAGE_BUGREPORT ""
| #define PACKAGE_URL ""
| #define STDC_HEADERS 1
| #define HAVE_SYS_TYPES_H 1
| #define HAVE_SYS_STAT_H 1
| #define HAVE_STDLIB_H 1
| #define HAVE_STRING_H 1
| #define HAVE_MEMORY_H 1
| #define HAVE_STRINGS_H 1
| #define HAVE_INTTYPES_H 1
| #define HAVE_STDINT_H 1
| #define HAVE_UNISTD_H 1
| /* end confdefs.h.  */
| #include <stdio.h>
| #ifdef HAVE_SYS_TYPES_H
| # include <sys/types.h>
| #endif
| #ifdef HAVE_SYS_STAT_H
| # include <sys/stat.h>
| #endif
| #ifdef STDC_HEADERS
| # include <stdlib.h>
| # include <stddef.h>
| #else
| # ifdef HAVE_STDLIB_H
| #  include <stdlib.h>
| # endif
| #endif
| #ifdef HAVE_STRING_H
| # if !defined STDC_HEADERS && defined HAVE_MEMORY_H
| #  include <memory.h>
| # endif
| # include <string.h>
| #endif
| #ifdef HAVE_STRINGS_H
| # include <strings.h>
| #endif
| #ifdef HAVE_INTTYPES_H
| # include <inttypes.h>
| #endif
| #ifdef HAVE_STDINT_H
| # include <stdint.h>
| #endif
| #ifdef HAVE_UNISTD_H
| # include <unistd.h>
| #endif
| #include <minix/config.h>
configure:3670: result: no
configure:3670: checking minix/config.h presence
configure:3670: clang -E  conftest.c
conftest.c:19:10: fatal error: 'minix/config.h' file not found
   19 | #include <minix/config.h>
      |          ^~~~~~~~~~~~~~~~
1 error generated.
configure:3670: $? = 1
configure: failed program was:
| /* confdefs.h */
| #define PACKAGE_NAME "libxslt"
| #define PACKAGE_TARNAME "libxslt"
| #define PACKAGE_VERSION "1.1.34"
| #define PACKAGE_STRING "libxslt 1.1.34"
| #define PACKAGE_BUGREPORT ""
| #define PACKAGE_URL ""
| #define STDC_HEADERS 1
| #define HAVE_SYS_TYPES_H 1
| #define HAVE_SYS_STAT_H 1
| #define HAVE_STDLIB_H 1
| #define HAVE_STRING_H 1
| #define HAVE_MEMORY_H 1
| #define HAVE_STRINGS_H 1
| #define HAVE_INTTYPES_H 1
| #define HAVE_STDINT_H 1
| #define HAVE_UNISTD_H 1
| /* end confdefs.h.  */
| #include <minix/config.h>
configure:3670: result: no
configure:3670: checking for minix/config.h
configure:3670: result: no
configure:3691: checking whether it is safe to define __EXTENSIONS__
configure:3709: clang -c -O2 -U_FORTIFY_SOURCE -g -fPIC  conftest.c >&5
configure:3709: $? = 0
configure:3716: result: yes
configure:3814: checking for a BSD-compatible install
configure:3882: result: /usr/bin/install -c
configure:3893: checking whether build environment is sane
configure:3948: result: yes
configure:4096: checking for a thread-safe mkdir -p
configure:4135: result: ./install-sh -c -d
configure:4142: checking for gawk
configure:4172: result: no
configure:4142: checking for mawk
configure:4172: result: no
configure:4142: checking for nawk
configure:4172: result: no
configure:4142: checking for awk
configure:4158: found /usr/bin/awk
configure:4169: result: awk
configure:4180: checking whether make sets $(MAKE)
configure:4202: result: yes
configure:4224: checking whether make supports the include directive
configure:4239: make -f confmf.GNU && cat confinc.out
this is the am__doit target
configure:4242: $? = 0
configure:4261: result: yes (GNU style)
configure:4294: checking whether make supports nested variables
configure:4311: result: yes
configure:4396: checking dependency style of clang
configure:4507: result: none
configure:4582: checking whether make supports nested variables
configure:4599: result: yes
configure:4641: checking for arm64-apple-darwin25-gcc
configure:4668: result: clang
configure:4937: checking for C compiler version
configure:4946: clang --version >&5
Apple clang version 17.0.0 (clang-1700.6.3.2)
Target: arm64-apple-darwin25.2.0
Thread model: posix
InstalledDir: /Applications/Xcode.app/Contents/Developer/Toolchains/XcodeDefault.xctoolchain/usr/bin
configure:4957: $? = 0
configure:4946: clang -v >&5
Apple clang version 17.0.0 (clang-1700.6.3.2)
Target: arm64-apple-darwin25.2.0
Thread model: posix
InstalledDir: /Applications/Xcode.app/Contents/Developer/Toolchains/XcodeDefault.xctoolchain/usr/bin
configure:4957: $? = 0
configure:4946: clang -V >&5
clang: error: argument to '-V' is missing (expected 1 value)
clang: error: no input files
configure:4957: $? = 1
configure:4946: clang -qversion >&5
clang: error: unknown argument '-qversion'; did you mean '--version'?
clang: error: no input files
configure:4957: $? = 1
configure:4961: checking whether we are using the GNU C compiler
configure:4989: result: yes
configure:4998: checking whether clang accepts -g
configure:5059: result: yes
configure:5076: checking for clang option to accept ISO C89
configure:5152: result: none needed
configure:5177: checking whether clang understands -c and -o together
configure:5214: result: yes
configure:5237: checking how to run the C preprocessor
configure:5307: result: clang -E
configure:5327: clang -E  conftest.c
configure:5327: $? = 0
configure:5341: clang -E  conftest.c
conftest.c:26:10: fatal error: 'ac_nonexistent.h' file not found
   26 | #include <ac_nonexistent.h>
      |          ^~~~~~~~~~~~~~~~~~
1 error generated.
configure:5341: $? = 1
configure: failed program was:
| /* confdefs.h */
| #define PACKAGE_NAME "libxslt"
| #define PACKAGE_TARNAME "libxslt"
| #define PACKAGE_VERSION "1.1.34"
| #define PACKAGE_STRING "libxslt 1.1.34"
| #define PACKAGE_BUGREPORT ""
| #define PACKAGE_URL ""
| #define STDC_HEADERS 1
| #define HAVE_SYS_TYPES_H 1
| #define HAVE_SYS_STAT_H 1
| #define HAVE_STDLIB_H 1
| #define HAVE_STRING_H 1
| #define HAVE_MEMORY_H 1
| #define HAVE_STRINGS_H 1
| #define HAVE_INTTYPES_H 1
| #define HAVE_STDINT_H 1
| #define HAVE_UNISTD_H 1
| #define __EXTENSIONS__ 1
| #define _ALL_SOURCE 1
| #define _GNU_SOURCE 1
| #define _POSIX_PTHREAD_SEMANTICS 1
| #define _TANDEM_SOURCE 1
| #define PACKAGE "libxslt"
| #define VERSION "1.1.34"
| /* end confdefs.h.  */
| #include <ac_nonexistent.h>
configure:5371: checking for xmllint
configure:5389: found /Users/mth/repos/hallettmiket.github.io/vendor/bundle/ruby/4.0.0/gems/nokogiri-1.12.5/ports/arm64-apple-darwin25/libxml2/2.9.12/bin/xmllint
configure:5402: result: /Users/mth/repos/hallettmiket.github.io/vendor/bundle/ruby/4.0.0/gems/nokogiri-1.12.5/ports/arm64-apple-darwin25/libxml2/2.9.12/bin/xmllint
configure:5412: checking for xsltproc
configure:5430: found /Users/mth/anaconda3/bin/xsltproc
configure:5443: result: /Users/mth/anaconda3/bin/xsltproc
configure:5462: checking for arm64-apple-darwin25-pkg-config
configure:5495: result: no
configure:5505: checking for pkg-config
configure:5523: found /opt/homebrew/bin/pkg-config
configure:5535: result: /opt/homebrew/bin/pkg-config
configure:5560: checking pkg-config is at least version 0.9.0
configure:5563: result: yes
configure:5572: checking for ANSI C header files
configure:5676: result: yes
configure:5731: checking how to print strings
configure:5758: result: printf
configure:5779: checking for a sed that does not truncate output
configure:5843: result: /usr/bin/sed
configure:5861: checking for fgrep
configure:5923: result: /usr/bin/grep -F
configure:5958: checking for ld used by clang
configure:6025: result: /Applications/Xcode.app/Contents/Developer/Toolchains/XcodeDefault.xctoolchain/usr/bin/ld
configure:6032: checking if the linker (/Applications/Xcode.app/Contents/Developer/Toolchains/XcodeDefault.xctoolchain/usr/bin/ld) is GNU ld
configure:6047: result: no
configure:6059: checking for BSD- or MS-compatible name lister (nm)
configure:6113: result: no
configure:6127: checking for arm64-apple-darwin25-dumpbin
configure:6157: result: no
configure:6127: checking for arm64-apple-darwin25-link
configure:6157: result: no
configure:6171: checking for dumpbin
configure:6201: result: no
configure:6171: checking for link
configure:6187: found /bin/link
configure:6198: result: link -dump
configure:6243: checking the name lister (nm) interface
configure:6250: clang -c -O2 -U_FORTIFY_SOURCE -g -fPIC  conftest.c >&5
configure:6253: nm "conftest.o"
configure:6256: output
0000000000000354 B _some_variable
0000000000000000 t ltmp0
0000000000000354 b ltmp1
configure:6263: result: BSD nm
configure:6266: checking whether ln -s works
configure:6270: result: yes
configure:6278: checking the maximum length of command line arguments
configure:6409: result: 786432
configure:6457: checking how to convert aarch64-apple-darwin25.2.0 file names to aarch64-apple-darwin25 format
configure:6497: result: func_convert_file_noop
configure:6504: checking how to convert aarch64-apple-darwin25.2.0 file names to toolchain format
configure:6524: result: func_convert_file_noop
configure:6531: checking for /Applications/Xcode.app/Contents/Developer/Toolchains/XcodeDefault.xctoolchain/usr/bin/ld option to reload object files
configure:6538: result: -r
configure:6572: checking for arm64-apple-darwin25-objdump
configure:6602: result: no
configure:6612: checking for objdump
configure:6628: found /opt/homebrew/opt/binutils/bin/objdump
configure:6639: result: objdump
configure:6668: checking how to recognize dependent libraries
configure:6868: result: pass_all
configure:6913: checking for arm64-apple-darwin25-dlltool
configure:6943: result: no
configure:6953: checking for dlltool
configure:6969: found /opt/homebrew/opt/binutils/bin/dlltool
configure:6980: result: dlltool
configure:7010: checking how to associate runtime and link libraries
configure:7037: result: printf %s\n
configure:7053: checking for arm64-apple-darwin25-ar
configure:7080: result: /usr/bin/ar
configure:7161: checking for archiver @FILE support
configure:7178: clang -c -O2 -U_FORTIFY_SOURCE -g -fPIC  conftest.c >&5
configure:7178: $? = 0
configure:7181: /usr/bin/ar cru libconftest.a @conftest.lst >&5
ar: @conftest.lst: No such file or directory
configure:7184: $? = 1
configure:7204: result: no
configure:7222: checking for arm64-apple-darwin25-strip
configure:7252: result: no
configure:7262: checking for strip
configure:7278: found /opt/homebrew/opt/binutils/bin/strip
configure:7289: result: strip
configure:7321: checking for arm64-apple-darwin25-ranlib
configure:7348: result: /usr/bin/ranlib
configure:7490: checking command to parse nm output from clang object
configure:7643: clang -c -O2 -U_FORTIFY_SOURCE -g -fPIC  conftest.c >&5
configure:7646: $? = 0
configure:7650: nm conftest.o \| sed -n -e 's/^.*[ ]\([ABCDGIRSTW][ABCDGIRSTW]*\)[ ][ ]*\([_A-Za-z][_A-Za-z0-9]*\)$/\1 \2 \2/p' | sed '/ __gnu_lto/d' \> conftest.nm
configure:7653: $? = 0
cannot find nm_test_var in conftest.nm
configure:7643: clang -c -O2 -U_FORTIFY_SOURCE -g -fPIC  conftest.c >&5
configure:7646: $? = 0
configure:7650: nm conftest.o \| sed -n -e 's/^.*[ ]\([ABCDGIRSTW][ABCDGIRSTW]*\)[ ][ ]*_\([_A-Za-z][_A-Za-z0-9]*\)$/\1 _\2 \2/p' | sed '/ __gnu_lto/d' \> conftest.nm
configure:7653: $? = 0
configure:7719: clang -o conftest -O2 -U_FORTIFY_SOURCE -g -fPIC  -L/Users/mth/repos/hallettmiket.github.io/vendor/bundle/ruby/4.0.0/gems/nokogiri-1.12.5/ports/arm64-apple-darwin25/libxml2/2.9.12/lib conftest.c conftstm.o >&5
configure:7722: $? = 0
configure:7760: result: ok
configure:7807: checking for sysroot
configure:7837: result: no
configure:7844: checking for a working dd
configure:7882: result: /bin/dd
configure:7886: checking how to truncate binary pipes
configure:7901: result: /bin/dd bs=4096 count=1
configure:8190: checking for arm64-apple-darwin25-mt
configure:8220: result: no
configure:8230: checking for mt
configure:8260: result: no
configure:8280: checking if : is a manifest tool
configure:8286: : '-?'
configure:8294: result: no
configure:8310: checking for arm64-apple-darwin25-dsymutil
configure:8340: result: no
configure:8350: checking for dsymutil
configure:8366: found /usr/bin/dsymutil
configure:8377: result: dsymutil
configure:8402: checking for arm64-apple-darwin25-nmedit
configure:8432: result: no
configure:8442: checking for nmedit
configure:8458: found /Users/mth/anaconda3/bin/nmedit
configure:8469: result: nmedit
configure:8494: checking for arm64-apple-darwin25-lipo
configure:8524: result: no
configure:8534: checking for lipo
configure:8550: found /Users/mth/anaconda3/bin/lipo
configure:8561: result: lipo
configure:8586: checking for arm64-apple-darwin25-otool
configure:8616: result: no
configure:8626: checking for otool
configure:8642: found /Users/mth/anaconda3/bin/otool
configure:8653: result: otool
configure:8678: checking for arm64-apple-darwin25-otool64
configure:8708: result: no
configure:8718: checking for otool64
configure:8748: result: no
configure:8793: checking for -single_module linker flag
clang -O2 -U_FORTIFY_SOURCE -g -fPIC -L/Users/mth/repos/hallettmiket.github.io/vendor/bundle/ruby/4.0.0/gems/nokogiri-1.12.5/ports/arm64-apple-darwin25/libxml2/2.9.12/lib -o libconftest.dylib -dynamiclib -Wl,-single_module conftest.c
ld: warning: -single_module is obsolete
configure:8826: result: no
configure:8829: checking for -exported_symbols_list linker flag
configure:8849: clang -o conftest -O2 -U_FORTIFY_SOURCE -g -fPIC  -L/Users/mth/repos/hallettmiket.github.io/vendor/bundle/ruby/4.0.0/gems/nokogiri-1.12.5/ports/arm64-apple-darwin25/libxml2/2.9.12/lib -Wl,-exported_symbols_list,conftest.sym conftest.c  >&5
configure:8849: $? = 0
configure:8859: result: yes
configure:8862: checking for -force_load linker flag
clang -O2 -U_FORTIFY_SOURCE -g -fPIC -c -o conftest.o conftest.c
/usr/bin/ar cru libconftest.a conftest.o
/usr/bin/ranlib libconftest.a
clang -O2 -U_FORTIFY_SOURCE -g -fPIC -L/Users/mth/repos/hallettmiket.github.io/vendor/bundle/ruby/4.0.0/gems/nokogiri-1.12.5/ports/arm64-apple-darwin25/libxml2/2.9.12/lib -o conftest conftest.c -Wl,-force_load,./libconftest.a
configure:8894: result: yes
configure:8968: checking for dlfcn.h
configure:8968: clang -c -O2 -U_FORTIFY_SOURCE -g -fPIC  conftest.c >&5
configure:8968: $? = 0
configure:8968: result: yes
configure:9522: checking for objdir
configure:9537: result: .libs
configure:9797: checking if clang supports -fno-rtti -fno-exceptions
configure:9815: clang -c -O2 -U_FORTIFY_SOURCE -g -fPIC  -fno-rtti -fno-exceptions conftest.c >&5
configure:9819: $? = 0
configure:9832: result: yes
configure:10190: checking for clang option to produce PIC
configure:10197: result: -fno-common -DPIC
configure:10205: checking if clang PIC flag -fno-common -DPIC works
configure:10223: clang -c -O2 -U_FORTIFY_SOURCE -g -fPIC  -fno-common -DPIC -DPIC conftest.c >&5
configure:10227: $? = 0
configure:10240: result: yes
configure:10269: checking if clang static flag -static works
configure:10297: result: no
configure:10312: checking if clang supports -c -o file.o
configure:10333: clang -c -O2 -U_FORTIFY_SOURCE -g -fPIC  -o out/conftest2.o conftest.c >&5
configure:10337: $? = 0
configure:10359: result: yes
configure:10367: checking if clang supports -c -o file.o
configure:10414: result: yes
configure:10447: checking whether the clang linker (/Applications/Xcode.app/Contents/Developer/Toolchains/XcodeDefault.xctoolchain/usr/bin/ld) supports shared libraries
configure:11706: result: yes
configure:11946: checking dynamic linker characteristics
configure:12767: result: darwin25 dyld
configure:12889: checking how to hardcode library paths into programs
configure:12914: result: immediate
configure:13462: checking whether stripping libraries is possible
configure:13467: result: yes
configure:13502: checking if libtool supports shared libraries
configure:13504: result: yes
configure:13507: checking whether to build shared libraries
configure:13532: result: no
configure:13535: checking whether to build static libraries
configure:13539: result: yes
configure:13581: checking for sys/types.h
configure:13581: result: yes
configure:13581: checking sys/time.h usability
configure:13581: clang -c -O2 -U_FORTIFY_SOURCE -g -fPIC  conftest.c >&5
configure:13581: $? = 0
configure:13581: result: yes
configure:13581: checking sys/time.h presence
configure:13581: clang -E  conftest.c
configure:13581: $? = 0
configure:13581: result: yes
configure:13581: checking for sys/time.h
configure:13581: result: yes
configure:13581: checking for stdlib.h
configure:13581: result: yes
configure:13581: checking for unistd.h
configure:13581: result: yes
configure:13581: checking for string.h
configure:13581: result: yes
configure:13592: checking how to pass version script to the linker (/Applications/Xcode.app/Contents/Developer/Toolchains/XcodeDefault.xctoolchain/usr/bin/ld)
configure:13600: result: none
configure:13616: checking pthread.h usability
configure:13616: clang -c -O2 -U_FORTIFY_SOURCE -g -fPIC  conftest.c >&5
configure:13616: $? = 0
configure:13616: result: yes
configure:13616: checking pthread.h presence
configure:13616: clang -E  conftest.c
configure:13616: $? = 0
configure:13616: result: yes
configure:13616: checking for pthread.h
configure:13616: result: yes
configure:13618: checking for pthread_join in -lpthread
configure:13643: clang -o conftest -O2 -U_FORTIFY_SOURCE -g -fPIC  -L/Users/mth/repos/hallettmiket.github.io/vendor/bundle/ruby/4.0.0/gems/nokogiri-1.12.5/ports/arm64-apple-darwin25/libxml2/2.9.12/lib conftest.c -lpthread   >&5
configure:13643: $? = 0
configure:13652: result: yes
configure:13677: checking locale.h usability
configure:13677: clang -c -O2 -U_FORTIFY_SOURCE -g -fPIC  conftest.c >&5
configure:13677: $? = 0
configure:13677: result: yes
configure:13677: checking locale.h presence
configure:13677: clang -E  conftest.c
configure:13677: $? = 0
configure:13677: result: yes
configure:13677: checking for locale.h
configure:13677: result: yes
configure:13677: checking xlocale.h usability
configure:13677: clang -c -O2 -U_FORTIFY_SOURCE -g -fPIC  conftest.c >&5
configure:13677: $? = 0
configure:13677: result: yes
configure:13677: checking xlocale.h presence
configure:13677: clang -E  conftest.c
configure:13677: $? = 0
configure:13677: result: yes
configure:13677: checking for xlocale.h
configure:13677: result: yes
configure:13689: checking for strxfrm_l
configure:13689: clang -o conftest -O2 -U_FORTIFY_SOURCE -g -fPIC  -L/Users/mth/repos/hallettmiket.github.io/vendor/bundle/ruby/4.0.0/gems/nokogiri-1.12.5/ports/arm64-apple-darwin25/libxml2/2.9.12/lib conftest.c  >&5
configure:13689: $? = 0
configure:13689: result: yes
configure:13703: checking ieeefp.h usability
configure:13703: clang -c -O2 -U_FORTIFY_SOURCE -g -fPIC  conftest.c >&5
conftest.c:72:10: fatal error: 'ieeefp.h' file not found
   72 | #include <ieeefp.h>
      |          ^~~~~~~~~~
1 error generated.
configure:13703: $? = 1
configure: failed program was:
| /* confdefs.h */
| #define PACKAGE_NAME "libxslt"
| #define PACKAGE_TARNAME "libxslt"
| #define PACKAGE_VERSION "1.1.34"
| #define PACKAGE_STRING "libxslt 1.1.34"
| #define PACKAGE_BUGREPORT ""
| #define PACKAGE_URL ""
| #define STDC_HEADERS 1
| #define HAVE_SYS_TYPES_H 1
| #define HAVE_SYS_STAT_H 1
| #define HAVE_STDLIB_H 1
| #define HAVE_STRING_H 1
| #define HAVE_MEMORY_H 1
| #define HAVE_STRINGS_H 1
| #define HAVE_INTTYPES_H 1
| #define HAVE_STDINT_H 1
| #define HAVE_UNISTD_H 1
| #define __EXTENSIONS__ 1
| #define _ALL_SOURCE 1
| #define _GNU_SOURCE 1
| #define _POSIX_PTHREAD_SEMANTICS 1
| #define _TANDEM_SOURCE 1
| #define PACKAGE "libxslt"
| #define VERSION "1.1.34"
| #define STDC_HEADERS 1
| #define HAVE_DLFCN_H 1
| #define LT_OBJDIR ".libs/"
| #define HAVE_SYS_TYPES_H 1
| #define HAVE_SYS_TIME_H 1
| #define HAVE_STDLIB_H 1
| #define HAVE_UNISTD_H 1
| #define HAVE_STRING_H 1
| #define HAVE_LIBPTHREAD /**/
| #define HAVE_PTHREAD_H /**/
| #define HAVE_LOCALE_H 1
| #define HAVE_XLOCALE_H 1
| #define HAVE_STRXFRM_L 1
| /* end confdefs.h.  */
| #include <stdio.h>
| #ifdef HAVE_SYS_TYPES_H
| # include <sys/types.h>
| #endif
| #ifdef HAVE_SYS_STAT_H
| # include <sys/stat.h>
| #endif
| #ifdef STDC_HEADERS
| # include <stdlib.h>
| # include <stddef.h>
| #else
| # ifdef HAVE_STDLIB_H
| #  include <stdlib.h>
| # endif
| #endif
| #ifdef HAVE_STRING_H
| # if !defined STDC_HEADERS && defined HAVE_MEMORY_H
| #  include <memory.h>
| # endif
| # include <string.h>
| #endif
| #ifdef HAVE_STRINGS_H
| # include <strings.h>
| #endif
| #ifdef HAVE_INTTYPES_H
| # include <inttypes.h>
| #endif
| #ifdef HAVE_STDINT_H
| # include <stdint.h>
| #endif
| #ifdef HAVE_UNISTD_H
| # include <unistd.h>
| #endif
| #include <ieeefp.h>
configure:13703: result: no
configure:13703: checking ieeefp.h presence
configure:13703: clang -E  conftest.c
conftest.c:39:10: fatal error: 'ieeefp.h' file not found
   39 | #include <ieeefp.h>
      |          ^~~~~~~~~~
1 error generated.
configure:13703: $? = 1
configure: failed program was:
| /* confdefs.h */
| #define PACKAGE_NAME "libxslt"
| #define PACKAGE_TARNAME "libxslt"
| #define PACKAGE_VERSION "1.1.34"
| #define PACKAGE_STRING "libxslt 1.1.34"
| #define PACKAGE_BUGREPORT ""
| #define PACKAGE_URL ""
| #define STDC_HEADERS 1
| #define HAVE_SYS_TYPES_H 1
| #define HAVE_SYS_STAT_H 1
| #define HAVE_STDLIB_H 1
| #define HAVE_STRING_H 1
| #define HAVE_MEMORY_H 1
| #define HAVE_STRINGS_H 1
| #define HAVE_INTTYPES_H 1
| #define HAVE_STDINT_H 1
| #define HAVE_UNISTD_H 1
| #define __EXTENSIONS__ 1
| #define _ALL_SOURCE 1
| #define _GNU_SOURCE 1
| #define _POSIX_PTHREAD_SEMANTICS 1
| #define _TANDEM_SOURCE 1
| #define PACKAGE "libxslt"
| #define VERSION "1.1.34"
| #define STDC_HEADERS 1
| #define HAVE_DLFCN_H 1
| #define LT_OBJDIR ".libs/"
| #define HAVE_SYS_TYPES_H 1
| #define HAVE_SYS_TIME_H 1
| #define HAVE_STDLIB_H 1
| #define HAVE_UNISTD_H 1
| #define HAVE_STRING_H 1
| #define HAVE_LIBPTHREAD /**/
| #define HAVE_PTHREAD_H /**/
| #define HAVE_LOCALE_H 1
| #define HAVE_XLOCALE_H 1
| #define HAVE_STRXFRM_L 1
| /* end confdefs.h.  */
| #include <ieeefp.h>
configure:13703: result: no
configure:13703: checking for ieeefp.h
configure:13703: result: no
configure:13703: checking nan.h usability
configure:13703: clang -c -O2 -U_FORTIFY_SOURCE -g -fPIC  conftest.c >&5
conftest.c:72:10: fatal error: 'nan.h' file not found
   72 | #include <nan.h>
      |          ^~~~~~~
1 error generated.
configure:13703: $? = 1
configure: failed program was:
| /* confdefs.h */
| #define PACKAGE_NAME "libxslt"
| #define PACKAGE_TARNAME "libxslt"
| #define PACKAGE_VERSION "1.1.34"
| #define PACKAGE_STRING "libxslt 1.1.34"
| #define PACKAGE_BUGREPORT ""
| #define PACKAGE_URL ""
| #define STDC_HEADERS 1
| #define HAVE_SYS_TYPES_H 1
| #define HAVE_SYS_STAT_H 1
| #define HAVE_STDLIB_H 1
| #define HAVE_STRING_H 1
| #define HAVE_MEMORY_H 1
| #define HAVE_STRINGS_H 1
| #define HAVE_INTTYPES_H 1
| #define HAVE_STDINT_H 1
| #define HAVE_UNISTD_H 1
| #define __EXTENSIONS__ 1
| #define _ALL_SOURCE 1
| #define _GNU_SOURCE 1
| #define _POSIX_PTHREAD_SEMANTICS 1
| #define _TANDEM_SOURCE 1
| #define PACKAGE "libxslt"
| #define VERSION "1.1.34"
| #define STDC_HEADERS 1
| #define HAVE_DLFCN_H 1
| #define LT_OBJDIR ".libs/"
| #define HAVE_SYS_TYPES_H 1
| #define HAVE_SYS_TIME_H 1
| #define HAVE_STDLIB_H 1
| #define HAVE_UNISTD_H 1
| #define HAVE_STRING_H 1
| #define HAVE_LIBPTHREAD /**/
| #define HAVE_PTHREAD_H /**/
| #define HAVE_LOCALE_H 1
| #define HAVE_XLOCALE_H 1
| #define HAVE_STRXFRM_L 1
| /* end confdefs.h.  */
| #include <stdio.h>
| #ifdef HAVE_SYS_TYPES_H
| # include <sys/types.h>
| #endif
| #ifdef HAVE_SYS_STAT_H
| # include <sys/stat.h>
| #endif
| #ifdef STDC_HEADERS
| # include <stdlib.h>
| # include <stddef.h>
| #else
| # ifdef HAVE_STDLIB_H
| #  include <stdlib.h>
| # endif
| #endif
| #ifdef HAVE_STRING_H
| # if !defined STDC_HEADERS && defined HAVE_MEMORY_H
| #  include <memory.h>
| # endif
| # include <string.h>
| #endif
| #ifdef HAVE_STRINGS_H
| # include <strings.h>
| #endif
| #ifdef HAVE_INTTYPES_H
| # include <inttypes.h>
| #endif
| #ifdef HAVE_STDINT_H
| # include <stdint.h>
| #endif
| #ifdef HAVE_UNISTD_H
| # include <unistd.h>
| #endif
| #include <nan.h>
configure:13703: result: no
configure:13703: checking nan.h presence
configure:13703: clang -E  conftest.c
conftest.c:39:10: fatal error: 'nan.h' file not found
   39 | #include <nan.h>
      |          ^~~~~~~
1 error generated.
configure:13703: $? = 1
configure: failed program was:
| /* confdefs.h */
| #define PACKAGE_NAME "libxslt"
| #define PACKAGE_TARNAME "libxslt"
| #define PACKAGE_VERSION "1.1.34"
| #define PACKAGE_STRING "libxslt 1.1.34"
| #define PACKAGE_BUGREPORT ""
| #define PACKAGE_URL ""
| #define STDC_HEADERS 1
| #define HAVE_SYS_TYPES_H 1
| #define HAVE_SYS_STAT_H 1
| #define HAVE_STDLIB_H 1
| #define HAVE_STRING_H 1
| #define HAVE_MEMORY_H 1
| #define HAVE_STRINGS_H 1
| #define HAVE_INTTYPES_H 1
| #define HAVE_STDINT_H 1
| #define HAVE_UNISTD_H 1
| #define __EXTENSIONS__ 1
| #define _ALL_SOURCE 1
| #define _GNU_SOURCE 1
| #define _POSIX_PTHREAD_SEMANTICS 1
| #define _TANDEM_SOURCE 1
| #define PACKAGE "libxslt"
| #define VERSION "1.1.34"
| #define STDC_HEADERS 1
| #define HAVE_DLFCN_H 1
| #define LT_OBJDIR ".libs/"
| #define HAVE_SYS_TYPES_H 1
| #define HAVE_SYS_TIME_H 1
| #define HAVE_STDLIB_H 1
| #define HAVE_UNISTD_H 1
| #define HAVE_STRING_H 1
| #define HAVE_LIBPTHREAD /**/
| #define HAVE_PTHREAD_H /**/
| #define HAVE_LOCALE_H 1
| #define HAVE_XLOCALE_H 1
| #define HAVE_STRXFRM_L 1
| /* end confdefs.h.  */
| #include <nan.h>
configure:13703: result: no
configure:13703: checking for nan.h
configure:13703: result: no
configure:13703: checking math.h usability
configure:13703: clang -c -O2 -U_FORTIFY_SOURCE -g -fPIC  conftest.c >&5
configure:13703: $? = 0
configure:13703: result: yes
configure:13703: checking math.h presence
configure:13703: clang -E  conftest.c
configure:13703: $? = 0
configure:13703: result: yes
configure:13703: checking for math.h
configure:13703: result: yes
configure:13703: checking fp_class.h usability
configure:13703: clang -c -O2 -U_FORTIFY_SOURCE -g -fPIC  conftest.c >&5
conftest.c:73:10: fatal error: 'fp_class.h' file not found
   73 | #include <fp_class.h>
      |          ^~~~~~~~~~~~
1 error generated.
configure:13703: $? = 1
configure: failed program was:
| /* confdefs.h */
| #define PACKAGE_NAME "libxslt"
| #define PACKAGE_TARNAME "libxslt"
| #define PACKAGE_VERSION "1.1.34"
| #define PACKAGE_STRING "libxslt 1.1.34"
| #define PACKAGE_BUGREPORT ""
| #define PACKAGE_URL ""
| #define STDC_HEADERS 1
| #define HAVE_SYS_TYPES_H 1
| #define HAVE_SYS_STAT_H 1
| #define HAVE_STDLIB_H 1
| #define HAVE_STRING_H 1
| #define HAVE_MEMORY_H 1
| #define HAVE_STRINGS_H 1
| #define HAVE_INTTYPES_H 1
| #define HAVE_STDINT_H 1
| #define HAVE_UNISTD_H 1
| #define __EXTENSIONS__ 1
| #define _ALL_SOURCE 1
| #define _GNU_SOURCE 1
| #define _POSIX_PTHREAD_SEMANTICS 1
| #define _TANDEM_SOURCE 1
| #define PACKAGE "libxslt"
| #define VERSION "1.1.34"
| #define STDC_HEADERS 1
| #define HAVE_DLFCN_H 1
| #define LT_OBJDIR ".libs/"
| #define HAVE_SYS_TYPES_H 1
| #define HAVE_SYS_TIME_H 1
| #define HAVE_STDLIB_H 1
| #define HAVE_UNISTD_H 1
| #define HAVE_STRING_H 1
| #define HAVE_LIBPTHREAD /**/
| #define HAVE_PTHREAD_H /**/
| #define HAVE_LOCALE_H 1
| #define HAVE_XLOCALE_H 1
| #define HAVE_STRXFRM_L 1
| #define HAVE_MATH_H 1
| /* end confdefs.h.  */
| #include <stdio.h>
| #ifdef HAVE_SYS_TYPES_H
| # include <sys/types.h>
| #endif
| #ifdef HAVE_SYS_STAT_H
| # include <sys/stat.h>
| #endif
| #ifdef STDC_HEADERS
| # include <stdlib.h>
| # include <stddef.h>
| #else
| # ifdef HAVE_STDLIB_H
| #  include <stdlib.h>
| # endif
| #endif
| #ifdef HAVE_STRING_H
| # if !defined STDC_HEADERS && defined HAVE_MEMORY_H
| #  include <memory.h>
| # endif
| # include <string.h>
| #endif
| #ifdef HAVE_STRINGS_H
| # include <strings.h>
| #endif
| #ifdef HAVE_INTTYPES_H
| # include <inttypes.h>
| #endif
| #ifdef HAVE_STDINT_H
| # include <stdint.h>
| #endif
| #ifdef HAVE_UNISTD_H
| # include <unistd.h>
| #endif
| #include <fp_class.h>
configure:13703: result: no
configure:13703: checking fp_class.h presence
configure:13703: clang -E  conftest.c
conftest.c:40:10: fatal error: 'fp_class.h' file not found
   40 | #include <fp_class.h>
      |          ^~~~~~~~~~~~
1 error generated.
configure:13703: $? = 1
configure: failed program was:
| /* confdefs.h */
| #define PACKAGE_NAME "libxslt"
| #define PACKAGE_TARNAME "libxslt"
| #define PACKAGE_VERSION "1.1.34"
| #define PACKAGE_STRING "libxslt 1.1.34"
| #define PACKAGE_BUGREPORT ""
| #define PACKAGE_URL ""
| #define STDC_HEADERS 1
| #define HAVE_SYS_TYPES_H 1
| #define HAVE_SYS_STAT_H 1
| #define HAVE_STDLIB_H 1
| #define HAVE_STRING_H 1
| #define HAVE_MEMORY_H 1
| #define HAVE_STRINGS_H 1
| #define HAVE_INTTYPES_H 1
| #define HAVE_STDINT_H 1
| #define HAVE_UNISTD_H 1
| #define __EXTENSIONS__ 1
| #define _ALL_SOURCE 1
| #define _GNU_SOURCE 1
| #define _POSIX_PTHREAD_SEMANTICS 1
| #define _TANDEM_SOURCE 1
| #define PACKAGE "libxslt"
| #define VERSION "1.1.34"
| #define STDC_HEADERS 1
| #define HAVE_DLFCN_H 1
| #define LT_OBJDIR ".libs/"
| #define HAVE_SYS_TYPES_H 1
| #define HAVE_SYS_TIME_H 1
| #define HAVE_STDLIB_H 1
| #define HAVE_UNISTD_H 1
| #define HAVE_STRING_H 1
| #define HAVE_LIBPTHREAD /**/
| #define HAVE_PTHREAD_H /**/
| #define HAVE_LOCALE_H 1
| #define HAVE_XLOCALE_H 1
| #define HAVE_STRXFRM_L 1
| #define HAVE_MATH_H 1
| /* end confdefs.h.  */
| #include <fp_class.h>
configure:13703: result: no
configure:13703: checking for fp_class.h
configure:13703: result: no
configure:13703: checking float.h usability
configure:13703: clang -c -O2 -U_FORTIFY_SOURCE -g -fPIC  conftest.c >&5
configure:13703: $? = 0
configure:13703: result: yes
configure:13703: checking float.h presence
configure:13703: clang -E  conftest.c
configure:13703: $? = 0
configure:13703: result: yes
configure:13703: checking for float.h
configure:13703: result: yes
configure:13716: checking sys/timeb.h usability
configure:13716: clang -c -O2 -U_FORTIFY_SOURCE -g -fPIC  conftest.c >&5
configure:13716: $? = 0
configure:13716: result: yes
configure:13716: checking sys/timeb.h presence
configure:13716: clang -E  conftest.c
configure:13716: $? = 0
configure:13716: result: yes
configure:13716: checking for sys/timeb.h
configure:13716: result: yes
configure:13716: checking time.h usability
configure:13716: clang -c -O2 -U_FORTIFY_SOURCE -g -fPIC  conftest.c >&5
configure:13716: $? = 0
configure:13716: result: yes
configure:13716: checking time.h presence
configure:13716: clang -E  conftest.c
configure:13716: $? = 0
configure:13716: result: yes
configure:13716: checking for time.h
configure:13716: result: yes
configure:13716: checking for sys/stat.h
configure:13716: result: yes
configure:13716: checking sys/select.h usability
configure:13716: clang -c -O2 -U_FORTIFY_SOURCE -g -fPIC  conftest.c >&5
configure:13716: $? = 0
configure:13716: result: yes
configure:13716: checking sys/select.h presence
configure:13716: clang -E  conftest.c
configure:13716: $? = 0
configure:13716: result: yes
configure:13716: checking for sys/select.h
configure:13716: result: yes
configure:13716: checking stdarg.h usability
configure:13716: clang -c -O2 -U_FORTIFY_SOURCE -g -fPIC  conftest.c >&5
configure:13716: $? = 0
configure:13716: result: yes
configure:13716: checking stdarg.h presence
configure:13716: clang -E  conftest.c
configure:13716: $? = 0
configure:13716: result: yes
configure:13716: checking for stdarg.h
configure:13716: result: yes
configure:13728: checking errno.h usability
configure:13728: clang -c -O2 -U_FORTIFY_SOURCE -g -fPIC  conftest.c >&5
configure:13728: $? = 0
configure:13728: result: yes
configure:13728: checking errno.h presence
configure:13728: clang -E  conftest.c
configure:13728: $? = 0
configure:13728: result: yes
configure:13728: checking for errno.h
configure:13728: result: yes
configure:13741: checking for stat
configure:13741: clang -o conftest -O2 -U_FORTIFY_SOURCE -g -fPIC  -L/Users/mth/repos/hallettmiket.github.io/vendor/bundle/ruby/4.0.0/gems/nokogiri-1.12.5/ports/arm64-apple-darwin25/libxml2/2.9.12/lib conftest.c  >&5
configure:13741: $? = 0
configure:13741: result: yes
configure:13741: checking for _stat
configure:13741: clang -o conftest -O2 -U_FORTIFY_SOURCE -g -fPIC  -L/Users/mth/repos/hallettmiket.github.io/vendor/bundle/ruby/4.0.0/gems/nokogiri-1.12.5/ports/arm64-apple-darwin25/libxml2/2.9.12/lib conftest.c  >&5
Undefined symbols for architecture arm64:
  "__stat", referenced from:
      _main in conftest-d0de9a.o
ld: symbol(s) not found for architecture arm64
clang: error: linker command failed with exit code 1 (use -v to see invocation)
configure:13741: $? = 1
configure: failed program was:
| /* confdefs.h */
| #define PACKAGE_NAME "libxslt"
| #define PACKAGE_TARNAME "libxslt"
| #define PACKAGE_VERSION "1.1.34"
| #define PACKAGE_STRING "libxslt 1.1.34"
| #define PACKAGE_BUGREPORT ""
| #define PACKAGE_URL ""
| #define STDC_HEADERS 1
| #define HAVE_SYS_TYPES_H 1
| #define HAVE_SYS_STAT_H 1
| #define HAVE_STDLIB_H 1
| #define HAVE_STRING_H 1
| #define HAVE_MEMORY_H 1
| #define HAVE_STRINGS_H 1
| #define HAVE_INTTYPES_H 1
| #define HAVE_STDINT_H 1
| #define HAVE_UNISTD_H 1
| #define __EXTENSIONS__ 1
| #define _ALL_SOURCE 1
| #define _GNU_SOURCE 1
| #define _POSIX_PTHREAD_SEMANTICS 1
| #define _TANDEM_SOURCE 1
| #define PACKAGE "libxslt"
| #define VERSION "1.1.34"
| #define STDC_HEADERS 1
| #define HAVE_DLFCN_H 1
| #define LT_OBJDIR ".libs/"
| #define HAVE_SYS_TYPES_H 1
| #define HAVE_SYS_TIME_H 1
| #define HAVE_STDLIB_H 1
| #define HAVE_UNISTD_H 1
| #define HAVE_STRING_H 1
| #define HAVE_LIBPTHREAD /**/
| #define HAVE_PTHREAD_H /**/
| #define HAVE_LOCALE_H 1
| #define HAVE_XLOCALE_H 1
| #define HAVE_STRXFRM_L 1
| #define HAVE_MATH_H 1
| #define HAVE_FLOAT_H 1
| #define HAVE_SYS_TIMEB_H 1
| #define HAVE_TIME_H 1
| #define HAVE_SYS_STAT_H 1
| #define HAVE_SYS_SELECT_H 1
| #define HAVE_STDARG_H 1
| #define HAVE_ERRNO_H 1
| #define HAVE_STAT 1
| /* end confdefs.h.  */
| /* Define _stat to an innocuous variant, in case <limits.h> declares _stat.
|    For example, HP-UX 11i <limits.h> declares gettimeofday.  */
| #define _stat innocuous__stat
| 
| /* System header to define __stub macros and hopefully few prototypes,
|     which can conflict with char _stat (); below.
|     Prefer <limits.h> to <assert.h> if __STDC__ is defined, since
|     <limits.h> exists even on freestanding compilers.  */
| 
| #ifdef __STDC__
| # include <limits.h>
| #else
| # include <assert.h>
| #endif
| 
| #undef _stat
| 
| /* Override any GCC internal prototype to avoid an error.
|    Use char because int might match the return type of a GCC
|    builtin and then its argument prototype would still apply.  */
| #ifdef __cplusplus
| extern "C"
| #endif
| char _stat ();
| /* The GNU C library defines this for functions which it implements
|     to always fail with ENOSYS.  Some functions are actually named
|     something starting with __ and the normal name is an alias.  */
| #if defined __stub__stat || defined __stub____stat
| choke me
| #endif
| 
| int
| main ()
| {
| return _stat ();
|   ;
|   return 0;
| }
configure:13741: result: no
configure:13750: checking for pow
configure:13750: clang -o conftest -O2 -U_FORTIFY_SOURCE -g -fPIC  -L/Users/mth/repos/hallettmiket.github.io/vendor/bundle/ruby/4.0.0/gems/nokogiri-1.12.5/ports/arm64-apple-darwin25/libxml2/2.9.12/lib conftest.c  >&5
conftest.c:71:6: warning: incompatible redeclaration of library function 'pow' [-Wincompatible-library-redeclaration]
   71 | char pow ();
      |      ^
conftest.c:71:6: note: 'pow' is a builtin with type 'double (double, double)'
1 warning generated.
configure:13750: $? = 0
configure:13750: result: yes
configure:13799: checking for floor
configure:13799: clang -o conftest -O2 -U_FORTIFY_SOURCE -g -fPIC  -L/Users/mth/repos/hallettmiket.github.io/vendor/bundle/ruby/4.0.0/gems/nokogiri-1.12.5/ports/arm64-apple-darwin25/libxml2/2.9.12/lib conftest.c  >&5
conftest.c:71:6: warning: incompatible redeclaration of library function 'floor' [-Wincompatible-library-redeclaration]
   71 | char floor ();
      |      ^
conftest.c:71:6: note: 'floor' is a builtin with type 'double (double)'
1 warning generated.
configure:13799: $? = 0
configure:13799: result: yes
configure:13848: checking for fabs
configure:13848: clang -o conftest -O2 -U_FORTIFY_SOURCE -g -fPIC  -L/Users/mth/repos/hallettmiket.github.io/vendor/bundle/ruby/4.0.0/gems/nokogiri-1.12.5/ports/arm64-apple-darwin25/libxml2/2.9.12/lib conftest.c  >&5
conftest.c:71:6: warning: incompatible redeclaration of library function 'fabs' [-Wincompatible-library-redeclaration]
   71 | char fabs ();
      |      ^
conftest.c:71:6: note: 'fabs' is a builtin with type 'double (double)'
1 warning generated.
configure:13848: $? = 0
configure:13848: result: yes
configure:13900: checking for gettimeofday
configure:13900: clang -o conftest -O2 -U_FORTIFY_SOURCE -g -fPIC  -L/Users/mth/repos/hallettmiket.github.io/vendor/bundle/ruby/4.0.0/gems/nokogiri-1.12.5/ports/arm64-apple-darwin25/libxml2/2.9.12/lib conftest.c  >&5
configure:13900: $? = 0
configure:13900: result: yes
configure:13912: checking for localtime
configure:13912: clang -o conftest -O2 -U_FORTIFY_SOURCE -g -fPIC  -L/Users/mth/repos/hallettmiket.github.io/vendor/bundle/ruby/4.0.0/gems/nokogiri-1.12.5/ports/arm64-apple-darwin25/libxml2/2.9.12/lib conftest.c  >&5
configure:13912: $? = 0
configure:13912: result: yes
configure:13912: checking for localtime_r
configure:13912: clang -o conftest -O2 -U_FORTIFY_SOURCE -g -fPIC  -L/Users/mth/repos/hallettmiket.github.io/vendor/bundle/ruby/4.0.0/gems/nokogiri-1.12.5/ports/arm64-apple-darwin25/libxml2/2.9.12/lib conftest.c  >&5
configure:13912: $? = 0
configure:13912: result: yes
configure:13912: checking for time
configure:13912: clang -o conftest -O2 -U_FORTIFY_SOURCE -g -fPIC  -L/Users/mth/repos/hallettmiket.github.io/vendor/bundle/ruby/4.0.0/gems/nokogiri-1.12.5/ports/arm64-apple-darwin25/libxml2/2.9.12/lib conftest.c  >&5
configure:13912: $? = 0
configure:13912: result: yes
configure:13912: checking for gmtime
configure:13912: clang -o conftest -O2 -U_FORTIFY_SOURCE -g -fPIC  -L/Users/mth/repos/hallettmiket.github.io/vendor/bundle/ruby/4.0.0/gems/nokogiri-1.12.5/ports/arm64-apple-darwin25/libxml2/2.9.12/lib conftest.c  >&5
configure:13912: $? = 0
configure:13912: result: yes
configure:13912: checking for gmtime_r
configure:13912: clang -o conftest -O2 -U_FORTIFY_SOURCE -g -fPIC  -L/Users/mth/repos/hallettmiket.github.io/vendor/bundle/ruby/4.0.0/gems/nokogiri-1.12.5/ports/arm64-apple-darwin25/libxml2/2.9.12/lib conftest.c  >&5
configure:13912: $? = 0
configure:13912: result: yes
configure:13912: checking for ftime
configure:13912: clang -o conftest -O2 -U_FORTIFY_SOURCE -g -fPIC  -L/Users/mth/repos/hallettmiket.github.io/vendor/bundle/ruby/4.0.0/gems/nokogiri-1.12.5/ports/arm64-apple-darwin25/libxml2/2.9.12/lib conftest.c  >&5
configure:13912: $? = 0
configure:13912: result: yes
configure:13925: checking for printf
configure:13925: clang -o conftest -O2 -U_FORTIFY_SOURCE -g -fPIC  -L/Users/mth/repos/hallettmiket.github.io/vendor/bundle/ruby/4.0.0/gems/nokogiri-1.12.5/ports/arm64-apple-darwin25/libxml2/2.9.12/lib conftest.c  >&5
conftest.c:78:6: warning: incompatible redeclaration of library function 'printf' [-Wincompatible-library-redeclaration]
   78 | char printf ();
      |      ^
conftest.c:78:6: note: 'printf' is a builtin with type 'int (const char *, ...)'
1 warning generated.
configure:13925: $? = 0
configure:13925: result: yes
configure:13925: checking for sprintf
configure:13925: clang -o conftest -O2 -U_FORTIFY_SOURCE -g -fPIC  -L/Users/mth/repos/hallettmiket.github.io/vendor/bundle/ruby/4.0.0/gems/nokogiri-1.12.5/ports/arm64-apple-darwin25/libxml2/2.9.12/lib conftest.c  >&5
conftest.c:79:6: warning: incompatible redeclaration of library function 'sprintf' [-Wincompatible-library-redeclaration]
   79 | char sprintf ();
      |      ^
conftest.c:79:6: note: 'sprintf' is a builtin with type 'int (char *restrict, const char *restrict, ...)'
1 warning generated.
configure:13925: $? = 0
configure:13925: result: yes
configure:13925: checking for fprintf
configure:13925: clang -o conftest -O2 -U_FORTIFY_SOURCE -g -fPIC  -L/Users/mth/repos/hallettmiket.github.io/vendor/bundle/ruby/4.0.0/gems/nokogiri-1.12.5/ports/arm64-apple-darwin25/libxml2/2.9.12/lib conftest.c  >&5
conftest.c:80:6: warning: declaration of built-in function 'fprintf' requires inclusion of the header <stdio.h> [-Wbuiltin-requires-header]
   80 | char fprintf ();
      |      ^
1 warning generated.
configure:13925: $? = 0
configure:13925: result: yes
configure:13925: checking for snprintf
configure:13925: clang -o conftest -O2 -U_FORTIFY_SOURCE -g -fPIC  -L/Users/mth/repos/hallettmiket.github.io/vendor/bundle/ruby/4.0.0/gems/nokogiri-1.12.5/ports/arm64-apple-darwin25/libxml2/2.9.12/lib conftest.c  >&5
conftest.c:81:6: warning: incompatible redeclaration of library function 'snprintf' [-Wincompatible-library-redeclaration]
   81 | char snprintf ();
      |      ^
conftest.c:81:6: note: 'snprintf' is a builtin with type 'int (char *restrict, unsigned long, const char *restrict, ...)'
1 warning generated.
configure:13925: $? = 0
configure:13925: result: yes
configure:13925: checking for vfprintf
configure:13925: clang -o conftest -O2 -U_FORTIFY_SOURCE -g -fPIC  -L/Users/mth/repos/hallettmiket.github.io/vendor/bundle/ruby/4.0.0/gems/nokogiri-1.12.5/ports/arm64-apple-darwin25/libxml2/2.9.12/lib conftest.c  >&5
conftest.c:82:6: warning: declaration of built-in function 'vfprintf' requires inclusion of the header <stdio.h> [-Wbuiltin-requires-header]
   82 | char vfprintf ();
      |      ^
1 warning generated.
configure:13925: $? = 0
configure:13925: result: yes
configure:13925: checking for vsprintf
configure:13925: clang -o conftest -O2 -U_FORTIFY_SOURCE -g -fPIC  -L/Users/mth/repos/hallettmiket.github.io/vendor/bundle/ruby/4.0.0/gems/nokogiri-1.12.5/ports/arm64-apple-darwin25/libxml2/2.9.12/lib conftest.c  >&5
conftest.c:83:6: warning: incompatible redeclaration of library function 'vsprintf' [-Wincompatible-library-redeclaration]
   83 | char vsprintf ();
      |      ^
conftest.c:83:6: note: 'vsprintf' is a builtin with type 'int (char *restrict, const char *restrict, __builtin_va_list)'
1 warning generated.
configure:13925: $? = 0
configure:13925: result: yes
configure:13925: checking for vsnprintf
configure:13925: clang -o conftest -O2 -U_FORTIFY_SOURCE -g -fPIC  -L/Users/mth/repos/hallettmiket.github.io/vendor/bundle/ruby/4.0.0/gems/nokogiri-1.12.5/ports/arm64-apple-darwin25/libxml2/2.9.12/lib conftest.c  >&5
conftest.c:84:6: warning: incompatible redeclaration of library function 'vsnprintf' [-Wincompatible-library-redeclaration]
   84 | char vsnprintf ();
      |      ^
conftest.c:84:6: note: 'vsnprintf' is a builtin with type 'int (char *restrict, unsigned long, const char *restrict, __builtin_va_list)'
1 warning generated.
configure:13925: $? = 0
configure:13925: result: yes
configure:13925: checking for sscanf
configure:13925: clang -o conftest -O2 -U_FORTIFY_SOURCE -g -fPIC  -L/Users/mth/repos/hallettmiket.github.io/vendor/bundle/ruby/4.0.0/gems/nokogiri-1.12.5/ports/arm64-apple-darwin25/libxml2/2.9.12/lib conftest.c  >&5
conftest.c:85:6: warning: incompatible redeclaration of library function 'sscanf' [-Wincompatible-library-redeclaration]
   85 | char sscanf ();
      |      ^
conftest.c:85:6: note: 'sscanf' is a builtin with type 'int (const char *restrict, const char *restrict, ...)'
1 warning generated.
configure:13925: $? = 0
configure:13925: result: yes
configure:13939: checking for clock_gettime
configure:13939: clang -o conftest -O2 -U_FORTIFY_SOURCE -g -fPIC  -L/Users/mth/repos/hallettmiket.github.io/vendor/bundle/ruby/4.0.0/gems/nokogiri-1.12.5/ports/arm64-apple-darwin25/libxml2/2.9.12/lib conftest.c  >&5
configure:13939: $? = 0
configure:13939: result: yes
configure:14010: checking for perl
configure:14026: found /usr/bin/perl
configure:14038: result: perl
configure:14456: checking for arm64-apple-darwin25-xml2-config
configure:14489: result: no
configure:14499: checking for xml2-config
configure:14517: found /Users/mth/repos/hallettmiket.github.io/vendor/bundle/ruby/4.0.0/gems/nokogiri-1.12.5/ports/arm64-apple-darwin25/libxml2/2.9.12/bin/xml2-config
configure:14529: result: /Users/mth/repos/hallettmiket.github.io/vendor/bundle/ruby/4.0.0/gems/nokogiri-1.12.5/ports/arm64-apple-darwin25/libxml2/2.9.12/bin/xml2-config
configure:14865: checking for libxml libraries >= 2.6.27
configure:14869: result: 2.9.12 found
configure:14905: checking whether shared libraries will be built (required for plugins)
configure:14908: result: no
configure:14910: WARNING: Disabling plugin support.
configure:14912: WARNING: Plugins require that shared libraries be built.
configure:15118: checking that generated files are newer than configure
configure:15124: result: done
configure:15163: creating ./config.status

## ---------------------- ##
## Running config.status. ##
## ---------------------- ##

This file was extended by libxslt config.status 1.1.34, which was
generated by GNU Autoconf 2.69.  Invocation command line was

  CONFIG_FILES    = 
  CONFIG_HEADERS  = 
  CONFIG_LINKS    = 
  CONFIG_COMMANDS = 
  $ ./config.status 

on Michaels-MacBook-Pro.local

config.status:1252: creating Makefile
config.status:1252: creating libxslt.pc
config.status:1252: creating libexslt.pc
config.status:1252: creating libxslt/Makefile
config.status:1252: creating libxslt/xsltconfig.h
config.status:1252: creating libxslt/xsltwin32config.h
config.status:1252: creating libexslt/Makefile
config.status:1252: creating libexslt/exsltconfig.h
config.status:1252: creating xsltproc/Makefile
config.status:1252: creating python/Makefile
config.status:1252: creating python/tests/Makefile
config.status:1252: creating tests/Makefile
config.status:1252: creating tests/docs/Makefile
config.status:1252: creating tests/REC1/Makefile
config.status:1252: creating tests/REC2/Makefile
config.status:1252: creating tests/REC/Makefile
config.status:1252: creating tests/general/Makefile
config.status:1252: creating tests/reports/Makefile
config.status:1252: creating tests/extensions/Makefile
config.status:1252: creating tests/namespaces/Makefile
config.status:1252: creating tests/keys/Makefile
config.status:1252: creating tests/numbers/Makefile
config.status:1252: creating tests/documents/Makefile
config.status:1252: creating tests/xmlspec/Makefile
config.status:1252: creating tests/multiple/Makefile
config.status:1252: creating tests/xinclude/Makefile
config.status:1252: creating tests/XSLTMark/Makefile
config.status:1252: creating tests/docbook/Makefile
config.status:1252: creating tests/exslt/Makefile
config.status:1252: creating tests/exslt/common/Makefile
config.status:1252: creating tests/exslt/functions/Makefile
config.status:1252: creating tests/exslt/math/Makefile
config.status:1252: creating tests/exslt/saxon/Makefile
config.status:1252: creating tests/exslt/sets/Makefile
config.status:1252: creating tests/exslt/strings/Makefile
config.status:1252: creating tests/exslt/date/Makefile
config.status:1252: creating tests/exslt/dynamic/Makefile
config.status:1252: creating tests/exslt/crypto/Makefile
config.status:1252: creating tests/plugins/Makefile
config.status:1252: creating tests/fuzz/Makefile
config.status:1252: creating doc/Makefile
config.status:1252: creating xslt-config
config.status:1252: creating libxslt.spec
config.status:1252: creating config.h
config.status:1512: executing depfiles commands
config.status:1512: executing libtool commands

## ---------------- ##
## Cache variables. ##
## ---------------- ##

ac_cv_build=aarch64-apple-darwin25.2.0
ac_cv_c_compiler_gnu=yes
ac_cv_env_CC_set=set
ac_cv_env_CC_value=clang
ac_cv_env_CFLAGS_set=set
ac_cv_env_CFLAGS_value='-O2 -U_FORTIFY_SOURCE -g -fPIC'
ac_cv_env_CPPFLAGS_set=
ac_cv_env_CPPFLAGS_value=
ac_cv_env_CPP_set=
ac_cv_env_CPP_value=
ac_cv_env_LDFLAGS_set=set
ac_cv_env_LDFLAGS_value=-L/Users/mth/repos/hallettmiket.github.io/vendor/bundle/ruby/4.0.0/gems/nokogiri-1.12.5/ports/arm64-apple-darwin25/libxml2/2.9.12/lib
ac_cv_env_LIBS_set=
ac_cv_env_LIBS_value=
ac_cv_env_LIBXML_CFLAGS_set=
ac_cv_env_LIBXML_CFLAGS_value=
ac_cv_env_LIBXML_LIBS_set=
ac_cv_env_LIBXML_LIBS_value=
ac_cv_env_LT_SYS_LIBRARY_PATH_set=
ac_cv_env_LT_SYS_LIBRARY_PATH_value=
ac_cv_env_PKG_CONFIG_LIBDIR_set=
ac_cv_env_PKG_CONFIG_LIBDIR_value=
ac_cv_env_PKG_CONFIG_PATH_set=
ac_cv_env_PKG_CONFIG_PATH_value=
ac_cv_env_PKG_CONFIG_set=
ac_cv_env_PKG_CONFIG_value=
ac_cv_env_build_alias_set=
ac_cv_env_build_alias_value=
ac_cv_env_host_alias_set=set
ac_cv_env_host_alias_value=arm64-apple-darwin25
ac_cv_env_target_alias_set=
ac_cv_env_target_alias_value=
ac_cv_func__stat=no
ac_cv_func_clock_gettime=yes
ac_cv_func_fabs=yes
ac_cv_func_floor=yes
ac_cv_func_fprintf=yes
ac_cv_func_ftime=yes
ac_cv_func_gettimeofday=yes
ac_cv_func_gmtime=yes
ac_cv_func_gmtime_r=yes
ac_cv_func_localtime=yes
ac_cv_func_localtime_r=yes
ac_cv_func_pow=yes
ac_cv_func_printf=yes
ac_cv_func_snprintf=yes
ac_cv_func_sprintf=yes
ac_cv_func_sscanf=yes
ac_cv_func_stat=yes
ac_cv_func_strxfrm_l=yes
ac_cv_func_time=yes
ac_cv_func_vfprintf=yes
ac_cv_func_vsnprintf=yes
ac_cv_func_vsprintf=yes
ac_cv_header_dlfcn_h=yes
ac_cv_header_errno_h=yes
ac_cv_header_float_h=yes
ac_cv_header_fp_class_h=no
ac_cv_header_ieeefp_h=no
ac_cv_header_inttypes_h=yes
ac_cv_header_locale_h=yes
ac_cv_header_math_h=yes
ac_cv_header_memory_h=yes
ac_cv_header_minix_config_h=no
ac_cv_header_nan_h=no
ac_cv_header_pthread_h=yes
ac_cv_header_stdarg_h=yes
ac_cv_header_stdc=yes
ac_cv_header_stdint_h=yes
ac_cv_header_stdlib_h=yes
ac_cv_header_string_h=yes
ac_cv_header_strings_h=yes
ac_cv_header_sys_select_h=yes
ac_cv_header_sys_stat_h=yes
ac_cv_header_sys_time_h=yes
ac_cv_header_sys_timeb_h=yes
ac_cv_header_sys_types_h=yes
ac_cv_header_time_h=yes
ac_cv_header_unistd_h=yes
ac_cv_header_xlocale_h=yes
ac_cv_host=aarch64-apple-darwin25
ac_cv_lib_pthread_pthread_join=yes
ac_cv_objext=o
ac_cv_path_EGREP='/usr/bin/grep -E'
ac_cv_path_FGREP='/usr/bin/grep -F'
ac_cv_path_GREP=/usr/bin/grep
ac_cv_path_SED=/usr/bin/sed
ac_cv_path_XMLLINT=/Users/mth/repos/hallettmiket.github.io/vendor/bundle/ruby/4.0.0/gems/nokogiri-1.12.5/ports/arm64-apple-darwin25/libxml2/2.9.12/bin/xmllint
ac_cv_path_XSLTPROC=/Users/mth/anaconda3/bin/xsltproc
ac_cv_path_ac_pt_PKG_CONFIG=/opt/homebrew/bin/pkg-config
ac_cv_path_ac_pt_XML_CONFIG=/Users/mth/repos/hallettmiket.github.io/vendor/bundle/ruby/4.0.0/gems/nokogiri-1.12.5/ports/arm64-apple-darwin25/libxml2/2.9.12/bin/xml2-config
ac_cv_path_install='/usr/bin/install -c'
ac_cv_path_lt_DD=/bin/dd
ac_cv_prog_AR=/usr/bin/ar
ac_cv_prog_AWK=awk
ac_cv_prog_CC=clang
ac_cv_prog_CPP='clang -E'
ac_cv_prog_PERL=perl
ac_cv_prog_RANLIB=/usr/bin/ranlib
ac_cv_prog_ac_ct_DLLTOOL=dlltool
ac_cv_prog_ac_ct_DSYMUTIL=dsymutil
ac_cv_prog_ac_ct_DUMPBIN='link -dump'
ac_cv_prog_ac_ct_LIPO=lipo
ac_cv_prog_ac_ct_NMEDIT=nmedit
ac_cv_prog_ac_ct_OBJDUMP=objdump
ac_cv_prog_ac_ct_OTOOL=otool
ac_cv_prog_ac_ct_STRIP=strip
ac_cv_prog_cc_c89=
ac_cv_prog_cc_g=yes
ac_cv_prog_make_make_set=yes
ac_cv_safe_to_define___extensions__=yes
am_cv_CC_dependencies_compiler_type=none
am_cv_make_support_nested_variables=yes
am_cv_prog_cc_c_o=yes
lt_cv_apple_cc_single_mod=no
lt_cv_ar_at_file=no
lt_cv_deplibs_check_method=pass_all
lt_cv_file_magic_cmd='$MAGIC_CMD'
lt_cv_file_magic_test_file=
lt_cv_ld_exported_symbols_list=yes
lt_cv_ld_force_load=yes
lt_cv_ld_reload_flag=-r
lt_cv_nm_interface='BSD nm'
lt_cv_objdir=.libs
lt_cv_path_LD=/Applications/Xcode.app/Contents/Developer/Toolchains/XcodeDefault.xctoolchain/usr/bin/ld
lt_cv_path_NM=no
lt_cv_path_mainfest_tool=no
lt_cv_prog_compiler_c_o=yes
lt_cv_prog_compiler_pic='-fno-common -DPIC'
lt_cv_prog_compiler_pic_works=yes
lt_cv_prog_compiler_rtti_exceptions=yes
lt_cv_prog_compiler_static_works=no
lt_cv_prog_gnu_ld=no
lt_cv_sharedlib_from_linklib_cmd='printf %s\n'
lt_cv_sys_global_symbol_pipe='sed -n -e '\''s/^.*[	 ]\([ABCDGIRSTW][ABCDGIRSTW]*\)[	 ][	 ]*_\([_A-Za-z][_A-Za-z0-9]*\)$/\1 _\2 \2/p'\'' | sed '\''/ __gnu_lto/d'\'''
lt_cv_sys_global_symbol_to_c_name_address='sed -n -e '\''s/^: \(.*\) .*$/  {"\1", (void *) 0},/p'\'' -e '\''s/^[ABCDGIRSTW][ABCDGIRSTW]* .* \(.*\)$/  {"\1", (void *) \&\1},/p'\'''
lt_cv_sys_global_symbol_to_c_name_address_lib_prefix='sed -n -e '\''s/^: \(.*\) .*$/  {"\1", (void *) 0},/p'\'' -e '\''s/^[ABCDGIRSTW][ABCDGIRSTW]* .* \(lib.*\)$/  {"\1", (void *) \&\1},/p'\'' -e '\''s/^[ABCDGIRSTW][ABCDGIRSTW]* .* \(.*\)$/  {"lib\1", (void *) \&\1},/p'\'''
lt_cv_sys_global_symbol_to_cdecl='sed -n -e '\''s/^T .* \(.*\)$/extern int \1();/p'\'' -e '\''s/^[ABCDGIRSTW][ABCDGIRSTW]* .* \(.*\)$/extern char \1;/p'\'''
lt_cv_sys_global_symbol_to_import=
lt_cv_sys_max_cmd_len=786432
lt_cv_to_host_file_cmd=func_convert_file_noop
lt_cv_to_tool_file_cmd=func_convert_file_noop
lt_cv_truncate_bin='/bin/dd bs=4096 count=1'

## ----------------- ##
## Output variables. ##
## ----------------- ##

ACLOCAL='${SHELL} /Users/mth/repos/hallettmiket.github.io/vendor/bundle/ruby/4.0.0/gems/nokogiri-1.12.5/ext/nokogiri/tmp/arm64-apple-darwin25/ports/libxslt/1.1.34/libxslt-1.1.34/missing aclocal-1.16'
AMDEPBACKSLASH=''
AMDEP_FALSE=''
AMDEP_TRUE='#'
AMTAR='$${TAR-tar}'
AM_BACKSLASH='\'
AM_DEFAULT_V='$(AM_DEFAULT_VERBOSITY)'
AM_DEFAULT_VERBOSITY='0'
AM_V='$(V)'
AR='/usr/bin/ar'
AS='as'
AUTOCONF='${SHELL} /Users/mth/repos/hallettmiket.github.io/vendor/bundle/ruby/4.0.0/gems/nokogiri-1.12.5/ext/nokogiri/tmp/arm64-apple-darwin25/ports/libxslt/1.1.34/libxslt-1.1.34/missing autoconf'
AUTOHEADER='${SHELL} /Users/mth/repos/hallettmiket.github.io/vendor/bundle/ruby/4.0.0/gems/nokogiri-1.12.5/ext/nokogiri/tmp/arm64-apple-darwin25/ports/libxslt/1.1.34/libxslt-1.1.34/missing autoheader'
AUTOMAKE='${SHELL} /Users/mth/repos/hallettmiket.github.io/vendor/bundle/ruby/4.0.0/gems/nokogiri-1.12.5/ext/nokogiri/tmp/arm64-apple-darwin25/ports/libxslt/1.1.34/libxslt-1.1.34/missing automake-1.16'
AWK='awk'
CC='clang'
CCDEPMODE='depmode=none'
CFLAGS='-O2 -U_FORTIFY_SOURCE -g -fPIC -Wall -Wextra -Wformat=2 -Wmissing-format-attribute'
CPP='clang -E'
CPPFLAGS=''
CRYPTO_TESTDIR=''
CYGPATH_W='echo'
DEFS='-DHAVE_CONFIG_H'
DEPDIR='.deps'
DLLTOOL='dlltool'
DSYMUTIL='dsymutil'
DUMPBIN=':'
ECHO_C='\c'
ECHO_N=''
ECHO_T=''
EGREP='/usr/bin/grep -E'
EXEEXT=''
EXSLT_INCLUDEDIR='-I${includedir}'
EXSLT_LIBDIR='-L${libdir}'
EXSLT_LIBS='-lexslt -lxslt -L/Users/mth/repos/hallettmiket.github.io/vendor/bundle/ruby/4.0.0/gems/nokogiri-1.12.5/ports/arm64-apple-darwin25/libxml2/2.9.12/lib -lxml2 -lz -L/opt/homebrew/Cellar/xz/5.8.1/lib -llzma -lpthread -liconv -lm'
EXSLT_PRIVATE_LIBS=' '
EXTRA_LIBS=''
FGREP='/usr/bin/grep -F'
GREP='/usr/bin/grep'
HTML_DIR='$(datadir)/doc/$(PACKAGE)-$(VERSION)/html'
INSTALL_DATA='${INSTALL} -m 644'
INSTALL_PROGRAM='${INSTALL}'
INSTALL_SCRIPT='${INSTALL}'
INSTALL_STRIP_PROGRAM='$(install_sh) -c -s'
LD='/Applications/Xcode.app/Contents/Developer/Toolchains/XcodeDefault.xctoolchain/usr/bin/ld'
LDFLAGS='-L/Users/mth/repos/hallettmiket.github.io/vendor/bundle/ruby/4.0.0/gems/nokogiri-1.12.5/ports/arm64-apple-darwin25/libxml2/2.9.12/lib'
LIBEXSLT_MAJOR_VERSION='0'
LIBEXSLT_MICRO_VERSION='20'
LIBEXSLT_MINOR_VERSION='8'
LIBEXSLT_VERSION='0.8.20'
LIBEXSLT_VERSION_EXTRA=''
LIBEXSLT_VERSION_INFO='8:20:8'
LIBEXSLT_VERSION_NUMBER='820'
LIBGCRYPT_CFLAGS=''
LIBGCRYPT_CONFIG=''
LIBGCRYPT_LIBS=''
LIBOBJS=''
LIBS=''
LIBTOOL='$(SHELL) $(top_builddir)/libtool'
LIBXML_CFLAGS='-I/Users/mth/repos/hallettmiket.github.io/vendor/bundle/ruby/4.0.0/gems/nokogiri-1.12.5/ports/arm64-apple-darwin25/libxml2/2.9.12/include/libxml2'
LIBXML_LIBS='-L/Users/mth/repos/hallettmiket.github.io/vendor/bundle/ruby/4.0.0/gems/nokogiri-1.12.5/ports/arm64-apple-darwin25/libxml2/2.9.12/lib -lxml2 -lz -L/opt/homebrew/Cellar/xz/5.8.1/lib -llzma -lpthread -liconv -lm'
LIBXML_REQUIRED_VERSION='2.6.27'
LIBXML_SRC=''
LIBXSLT_DEFAULT_PLUGINS_PATH='/Users/mth/repos/hallettmiket.github.io/vendor/bundle/ruby/4.0.0/gems/nokogiri-1.12.5/ports/arm64-apple-darwin25/libxslt/1.1.34/lib/libxslt-plugins'
LIBXSLT_MAJOR_MINOR_VERSION='1.1'
LIBXSLT_MAJOR_VERSION='1'
LIBXSLT_MICRO_VERSION='34'
LIBXSLT_MINOR_VERSION='1'
LIBXSLT_VERSION='1.1.34'
LIBXSLT_VERSION_EXTRA=''
LIBXSLT_VERSION_INFO='2:34:1'
LIBXSLT_VERSION_NUMBER='10134'
LIPO='lipo'
LN_S='ln -s'
LTLIBOBJS=''
LT_SYS_LIBRARY_PATH=''
MAKEINFO='${SHELL} /Users/mth/repos/hallettmiket.github.io/vendor/bundle/ruby/4.0.0/gems/nokogiri-1.12.5/ext/nokogiri/tmp/arm64-apple-darwin25/ports/libxslt/1.1.34/libxslt-1.1.34/missing makeinfo'
MANIFEST_TOOL=':'
MKDIR_P='./install-sh -c -d'
M_LIBS=''
NM='nm'
NMEDIT='nmedit'
OBJDUMP='objdump'
OBJEXT='o'
OTOOL64=':'
OTOOL='otool'
PACKAGE='libxslt'
PACKAGE_BUGREPORT=''
PACKAGE_NAME='libxslt'
PACKAGE_STRING='libxslt 1.1.34'
PACKAGE_TARNAME='libxslt'
PACKAGE_URL=''
PACKAGE_VERSION='1.1.34'
PATH_SEPARATOR=':'
PERL='perl'
PKG_CONFIG='/opt/homebrew/bin/pkg-config'
PKG_CONFIG_LIBDIR=''
PKG_CONFIG_PATH=''
PYTHON=''
PYTHONSODV=''
PYTHON_INCLUDES=''
PYTHON_LIBS=''
PYTHON_SITE_PACKAGES=''
PYTHON_SUBDIR=''
PYTHON_VERSION=''
RANLIB='/usr/bin/ranlib'
RELDATE='Wed Jan  7 2026'
SED='/usr/bin/sed'
SET_MAKE=''
SHELL='/bin/sh'
STRIP='strip'
THREAD_LIBS='-lpthread'
USE_VERSION_SCRIPT_FALSE=''
USE_VERSION_SCRIPT_TRUE='#'
VERSION='1.1.34'
VERSION_SCRIPT_FLAGS='none'
WITH_CRYPTO='0'
WITH_DEBUGGER='1'
WITH_MEM_DEBUG='0'
WITH_MODULES='0'
WITH_MODULES_FALSE=''
WITH_MODULES_TRUE='#'
WITH_PERL_FALSE='#'
WITH_PERL_TRUE=''
WITH_PROFILER='1'
WITH_PYTHON_FALSE=''
WITH_PYTHON_TRUE='#'
WITH_TRIO='0'
WITH_XSLT_DEBUG='1'
XMLLINT='/Users/mth/repos/hallettmiket.github.io/vendor/bundle/ruby/4.0.0/gems/nokogiri-1.12.5/ports/arm64-apple-darwin25/libxml2/2.9.12/bin/xmllint'
XML_CONFIG='/Users/mth/repos/hallettmiket.github.io/vendor/bundle/ruby/4.0.0/gems/nokogiri-1.12.5/ports/arm64-apple-darwin25/libxml2/2.9.12/bin/xml2-config'
XSLTPROC='/Users/mth/anaconda3/bin/xsltproc'
XSLTPROCDV=''
XSLT_INCLUDEDIR='-I${includedir}'
XSLT_LIBDIR='-L${libdir}'
XSLT_LIBS='-lxslt -L/Users/mth/repos/hallettmiket.github.io/vendor/bundle/ruby/4.0.0/gems/nokogiri-1.12.5/ports/arm64-apple-darwin25/libxml2/2.9.12/lib -lxml2 -lz -L/opt/homebrew/Cellar/xz/5.8.1/lib -llzma -lpthread -liconv -lm'
XSLT_PRIVATE_LIBS=''
ac_ct_AR=''
ac_ct_CC=''
ac_ct_DUMPBIN='link -dump'
am__EXEEXT_FALSE=''
am__EXEEXT_TRUE='#'
am__fastdepCC_FALSE=''
am__fastdepCC_TRUE='#'
am__include='include'
am__isrc=''
am__leading_dot='.'
am__nodep=''
am__quote=''
am__tar='$${TAR-tar} chof - "$$tardir"'
am__untar='$${TAR-tar} xf -'
bindir='${exec_prefix}/bin'
build='aarch64-apple-darwin25.2.0'
build_alias=''
build_cpu='aarch64'
build_os='darwin25.2.0'
build_vendor='apple'
datadir='${datarootdir}'
datarootdir='${prefix}/share'
docdir='${datarootdir}/doc/${PACKAGE_TARNAME}'
dvidir='${docdir}'
exec_prefix='${prefix}'
host='aarch64-apple-darwin25'
host_alias='arm64-apple-darwin25'
host_cpu='aarch64'
host_os='darwin25'
host_vendor='apple'
htmldir='${docdir}'
includedir='${prefix}/include'
infodir='${datarootdir}/info'
install_sh='${SHELL} /Users/mth/repos/hallettmiket.github.io/vendor/bundle/ruby/4.0.0/gems/nokogiri-1.12.5/ext/nokogiri/tmp/arm64-apple-darwin25/ports/libxslt/1.1.34/libxslt-1.1.34/install-sh'
libdir='/Users/mth/repos/hallettmiket.github.io/vendor/bundle/ruby/4.0.0/gems/nokogiri-1.12.5/ports/arm64-apple-darwin25/libxslt/1.1.34/lib'
libexecdir='${exec_prefix}/libexec'
localedir='${datarootdir}/locale'
localstatedir='${prefix}/var'
mandir='${datarootdir}/man'
mkdir_p='$(MKDIR_P)'
oldincludedir='/usr/include'
pdfdir='${docdir}'
prefix='/Users/mth/repos/hallettmiket.github.io/vendor/bundle/ruby/4.0.0/gems/nokogiri-1.12.5/ports/arm64-apple-darwin25/libxslt/1.1.34'
program_transform_name='s,x,x,'
psdir='${docdir}'
pythondir=''
sbindir='${exec_prefix}/sbin'
sharedstatedir='${prefix}/com'
sysconfdir='${prefix}/etc'
target_alias=''

## ----------- ##
## confdefs.h. ##
## ----------- ##

/* confdefs.h */
#define PACKAGE_NAME "libxslt"
#define PACKAGE_TARNAME "libxslt"
#define PACKAGE_VERSION "1.1.34"
#define PACKAGE_STRING "libxslt 1.1.34"
#define PACKAGE_BUGREPORT ""
#define PACKAGE_URL ""
#define STDC_HEADERS 1
#define HAVE_SYS_TYPES_H 1
#define HAVE_SYS_STAT_H 1
#define HAVE_STDLIB_H 1
#define HAVE_STRING_H 1
#define HAVE_MEMORY_H 1
#define HAVE_STRINGS_H 1
#define HAVE_INTTYPES_H 1
#define HAVE_STDINT_H 1
#define HAVE_UNISTD_H 1
#define __EXTENSIONS__ 1
#define _ALL_SOURCE 1
#define _GNU_SOURCE 1
#define _POSIX_PTHREAD_SEMANTICS 1
#define _TANDEM_SOURCE 1
#define PACKAGE "libxslt"
#define VERSION "1.1.34"
#define STDC_HEADERS 1
#define HAVE_DLFCN_H 1
#define LT_OBJDIR ".libs/"
#define HAVE_SYS_TYPES_H 1
#define HAVE_SYS_TIME_H 1
#define HAVE_STDLIB_H 1
#define HAVE_UNISTD_H 1
#define HAVE_STRING_H 1
#define HAVE_LIBPTHREAD /**/
#define HAVE_PTHREAD_H /**/
#define HAVE_LOCALE_H 1
#define HAVE_XLOCALE_H 1
#define HAVE_STRXFRM_L 1
#define HAVE_MATH_H 1
#define HAVE_FLOAT_H 1
#define HAVE_SYS_TIMEB_H 1
#define HAVE_TIME_H 1
#define HAVE_SYS_STAT_H 1
#define HAVE_SYS_SELECT_H 1
#define HAVE_STDARG_H 1
#define HAVE_ERRNO_H 1
#define HAVE_STAT 1
#define HAVE_GETTIMEOFDAY 1
#define HAVE_LOCALTIME 1
#define HAVE_LOCALTIME_R 1
#define HAVE_TIME 1
#define HAVE_GMTIME 1
#define HAVE_GMTIME_R 1
#define HAVE_FTIME 1
#define HAVE_PRINTF 1
#define HAVE_SPRINTF 1
#define HAVE_FPRINTF 1
#define HAVE_SNPRINTF 1
#define HAVE_VFPRINTF 1
#define HAVE_VSPRINTF 1
#define HAVE_VSNPRINTF 1
#define HAVE_SSCANF 1
#define HAVE_CLOCK_GETTIME 1
#define WITH_DEBUGGER /**/
#define WITH_PROFILER /**/

configure: exit 0
